SQL> INSERT INTO THEME (noTheme,intituleTheme) VALUES ('000' ,'Généralités sur l’informatique, l’information, ouvrages généraux');
SQL> INSERT INTO THEME (noTheme,intituleTheme) VALUES ('001' ,'Connaissance');
SQL> INSERT INTO THEME (noTheme,intituleTheme) VALUES ('002' ,'Livre (écrits, bibliothèques, et sujets en rapport aux livres)');
SQL> INSERT INTO THEME (noTheme,intituleTheme) VALUES ('003' ,'Systèmes');
SQL> INSERT INTO THEME (noTheme,intituleTheme) VALUES ('004' ,'Traitement de données et Informatique');
SQL> INSERT INTO THEME (noTheme,intituleTheme) VALUES ('005' ,'Programmation informatique, Logiciels et donnée');
SQL> INSERT INTO THEME (noTheme,intituleTheme) VALUES ('006' ,'Applications informatique');
SQL> 
SQL> INSERT INTO THEME (noTheme,intituleTheme) VALUES ('010' ,'Bibliographie');
SQL> INSERT INTO THEME (noTheme,intituleTheme) VALUES ('011' ,'Bibliographies');
SQL> INSERT INTO THEME (noTheme,intituleTheme) VALUES ('012' ,'Bibliographies d''individus');
SQL> INSERT INTO THEME (noTheme,intituleTheme) VALUES ('013' ,'(Vacant)');
SQL> INSERT INTO THEME (noTheme,intituleTheme) VALUES ('014' ,'Bibliographies d''ouvrages anonymes ou sous pseudonymes');
SQL> INSERT INTO THEME (noTheme,intituleTheme) VALUES ('015' ,'Bibliographies d''ouvrages sur des lieux précis');
SQL> INSERT INTO THEME (noTheme,intituleTheme) VALUES ('016' ,'Bibliographies d''ouvrages sur des sujets précis');
SQL> INSERT INTO THEME (noTheme,intituleTheme) VALUES ('017' ,'Catalogues de sujets généraux');
SQL> INSERT INTO THEME (noTheme,intituleTheme) VALUES ('018' ,'Catalogues classés par auteurs, dates, etc.');
SQL> INSERT INTO THEME (noTheme,intituleTheme) VALUES ('019' ,'Catalogues de dictionnaires');
SQL> 
SQL> INSERT INTO THEME (noTheme,intituleTheme) VALUES ('020' ,'Bibliothéconomie et Science de l''information');
SQL> INSERT INTO THEME (noTheme,intituleTheme) VALUES ('021' ,'Relation des bibliothèques (avec les archives, les centres d''information, etc.)');
SQL> INSERT INTO THEME (noTheme,intituleTheme) VALUES ('022' ,'Administration d''installations physiques');
SQL> INSERT INTO THEME (noTheme,intituleTheme) VALUES ('023' ,'Gestion des ressources humaines');
SQL> INSERT INTO THEME (noTheme,intituleTheme) VALUES ('024' ,'(Vacant)');
SQL> INSERT INTO THEME (noTheme,intituleTheme) VALUES ('025' ,'Gestion des bibliothèques');
SQL> INSERT INTO THEME (noTheme,intituleTheme) VALUES ('026' ,'Bibliothèques de sujets précis');
SQL> INSERT INTO THEME (noTheme,intituleTheme) VALUES ('027' ,'Bibliothèques générales');
SQL> INSERT INTO THEME (noTheme,intituleTheme) VALUES ('028' ,'Lecture et utilisation des autres médias d''information');
SQL> INSERT INTO THEME (noTheme,intituleTheme) VALUES ('029' ,'(Vacant)');
SQL> 
SQL> INSERT INTO THEME (noTheme,intituleTheme) VALUES ('030' ,'Encyclopédies générales');
SQL> INSERT INTO THEME (noTheme,intituleTheme) VALUES ('031' ,'Encyclopédies en anglais américain');
SQL> INSERT INTO THEME (noTheme,intituleTheme) VALUES ('032' ,'Encyclopédies en anglais');
SQL> INSERT INTO THEME (noTheme,intituleTheme) VALUES ('033' ,'Encyclopédies dans d''autres langues germaniques');
SQL> INSERT INTO THEME (noTheme,intituleTheme) VALUES ('034' ,'Encyclopédies en français, occitan, et catalan');
SQL> INSERT INTO THEME (noTheme,intituleTheme) VALUES ('035' ,'Encyclopédies en italien, roumain, et langues apparentées');
SQL> INSERT INTO THEME (noTheme,intituleTheme) VALUES ('036' ,'Encyclopédies en espagnol et portugais');
SQL> INSERT INTO THEME (noTheme,intituleTheme) VALUES ('037' ,'Encyclopédies en langues slaves');
SQL> INSERT INTO THEME (noTheme,intituleTheme) VALUES ('038' ,'Encyclopédies en langues scandinaves');
SQL> INSERT INTO THEME (noTheme,intituleTheme) VALUES ('039' ,'Encyclopédies dans d''autres langues');
SQL> INSERT INTO THEME (noTheme,intituleTheme) VALUES ('040' ,'(Vacant)');
SQL> INSERT INTO THEME (noTheme,intituleTheme) VALUES ('050' ,'Publications en série d’ordre général');
SQL> INSERT INTO THEME (noTheme,intituleTheme) VALUES ('051' ,'Publications en série en anglais américain');
SQL> INSERT INTO THEME (noTheme,intituleTheme) VALUES ('052' ,'Publications en série en anglais');
SQL> INSERT INTO THEME (noTheme,intituleTheme) VALUES ('053' ,'Publications en série dans d''autres langues germaniques');
SQL> INSERT INTO THEME (noTheme,intituleTheme) VALUES ('054' ,'Publications en série en français, occitan, et catalan');
SQL> INSERT INTO THEME (noTheme,intituleTheme) VALUES ('055' ,'Publications en série en italien, roumain, et langues apparentées');
SQL> INSERT INTO THEME (noTheme,intituleTheme) VALUES ('056' ,'Publications en série en espagnol et portugais');
SQL> INSERT INTO THEME (noTheme,intituleTheme) VALUES ('057' ,'Publications en série en langues slaves');
SQL> INSERT INTO THEME (noTheme,intituleTheme) VALUES ('058' ,'Publications en série en langues scandinaves');
SQL> INSERT INTO THEME (noTheme,intituleTheme) VALUES ('059' ,'Publications en série dans d''autres langues');
SQL> INSERT INTO THEME (noTheme,intituleTheme) VALUES ('060' ,'Organisations générales et muséologie');
SQL> INSERT INTO THEME (noTheme,intituleTheme) VALUES ('061' ,'Organisations en Amérique du Nord');
SQL> INSERT INTO THEME (noTheme,intituleTheme) VALUES ('062' ,'Organisations dans les îles Britanniques, en Angleterre');
SQL> INSERT INTO THEME (noTheme,intituleTheme) VALUES ('063' ,'Organisations en Europe centrale, en Allemagne');
SQL> INSERT INTO THEME (noTheme,intituleTheme) VALUES ('064' ,'Organisations en France et à Monaco');
SQL> INSERT INTO THEME (noTheme,intituleTheme) VALUES ('065' ,'Organisations en Italie et dans les îles voisines');
SQL> INSERT INTO THEME (noTheme,intituleTheme) VALUES ('066' ,'Organisations en péninsule Ibérique et dans les îles voisines');
SQL> INSERT INTO THEME (noTheme,intituleTheme) VALUES ('067' ,'Organisations en Europe de l''Est, en Russie');
SQL> INSERT INTO THEME (noTheme,intituleTheme) VALUES ('068' ,'Organisations dans d''autres zones géographiques');
SQL> INSERT INTO THEME (noTheme,intituleTheme) VALUES ('069' ,'Muséologie');
SQL> INSERT INTO THEME (noTheme,intituleTheme) VALUES ('070' ,'Médias documentaires, journalisme, édition');
SQL> INSERT INTO THEME (noTheme,intituleTheme) VALUES ('071' ,'Journaux en Amérique du Nord');
SQL> INSERT INTO THEME (noTheme,intituleTheme) VALUES ('072' ,'Journaux dans les îles Britanniques, en Angleterre');
SQL> INSERT INTO THEME (noTheme,intituleTheme) VALUES ('073' ,'Journaux en Europe centrale, en Allemagne');
SQL> INSERT INTO THEME (noTheme,intituleTheme) VALUES ('074' ,'Journaux en France et à Monaco');
SQL> INSERT INTO THEME (noTheme,intituleTheme) VALUES ('075' ,'Journaux en Italie et dans les îles voisines');
SQL> INSERT INTO THEME (noTheme,intituleTheme) VALUES ('076' ,'Journaux en péninsule Ibérique et dans les îles voisines');
SQL> INSERT INTO THEME (noTheme,intituleTheme) VALUES ('077' ,'Journaux en Europe de l''Est, en Russie');
SQL> INSERT INTO THEME (noTheme,intituleTheme) VALUES ('078' ,'Journaux en Scandinavie');
SQL> INSERT INTO THEME (noTheme,intituleTheme) VALUES ('079' ,'Journaux dans d''autres zones géographiques');
SQL> INSERT INTO THEME (noTheme,intituleTheme) VALUES ('080' ,'Recueils généraux');
SQL> INSERT INTO THEME (noTheme,intituleTheme) VALUES ('081' ,'Recueils en anglais américain');
SQL> INSERT INTO THEME (noTheme,intituleTheme) VALUES ('082' ,'Recueils en anglais');
SQL> INSERT INTO THEME (noTheme,intituleTheme) VALUES ('083' ,'Recueils dans d''autres langues germaniques');
SQL> INSERT INTO THEME (noTheme,intituleTheme) VALUES ('084' ,'Recueils en français, occitan, et catalan');
SQL> INSERT INTO THEME (noTheme,intituleTheme) VALUES ('085' ,'Recueils en italien, roumain, et langues apparentées');
SQL> INSERT INTO THEME (noTheme,intituleTheme) VALUES ('086' ,'Recueils en espagnol et portugais');
SQL> INSERT INTO THEME (noTheme,intituleTheme) VALUES ('087' ,'Recueils en langues slaves');
SQL> INSERT INTO THEME (noTheme,intituleTheme) VALUES ('088' ,'Recueils en langues scandinaves');
SQL> INSERT INTO THEME (noTheme,intituleTheme) VALUES ('089' ,'Recueils dans d''autres langues');
SQL> INSERT INTO THEME (noTheme,intituleTheme) VALUES ('090' ,'Manuscrits, livres rares, autres documents imprimés rares');
SQL> INSERT INTO THEME (noTheme,intituleTheme) VALUES ('091' ,'Manuscrits');
SQL> INSERT INTO THEME (noTheme,intituleTheme) VALUES ('092' ,'Tabellaires');
SQL> INSERT INTO THEME (noTheme,intituleTheme) VALUES ('093' ,'Incunables');
SQL> INSERT INTO THEME (noTheme,intituleTheme) VALUES ('094' ,'Livres imprimés');
SQL> INSERT INTO THEME (noTheme,intituleTheme) VALUES ('095' ,'Livres remarquables pour leur reliure');
SQL> INSERT INTO THEME (noTheme,intituleTheme) VALUES ('096' ,'Livres remarquables pour leurs illustrations');
SQL> INSERT INTO THEME (noTheme,intituleTheme) VALUES ('097' ,'Livres remarquables pour leur propriété ou leur origine');
SQL> INSERT INTO THEME (noTheme,intituleTheme) VALUES ('098' ,'Œuvres interdites, forgeries, canulars');
SQL> INSERT INTO THEME (noTheme,intituleTheme) VALUES ('099' ,'Livres remarquables pour leur format');
SQL> INSERT INTO THEME (noTheme,intituleTheme) VALUES ('100' ,'Philosophie et psychologie');
SQL> INSERT INTO THEME (noTheme,intituleTheme) VALUES ('101' ,'Théorie de la philosophie');
SQL> INSERT INTO THEME (noTheme,intituleTheme) VALUES ('102' ,'Divers');
SQL> INSERT INTO THEME (noTheme,intituleTheme) VALUES ('103' ,'Dictionnaires et encyclopédies');
SQL> INSERT INTO THEME (noTheme,intituleTheme) VALUES ('104' ,'(Vacant)');
SQL> INSERT INTO THEME (noTheme,intituleTheme) VALUES ('105' ,'Publications en série');
SQL> INSERT INTO THEME (noTheme,intituleTheme) VALUES ('106' ,'Organisations et gestion');
SQL> INSERT INTO THEME (noTheme,intituleTheme) VALUES ('107' ,'Education, recherche, sujets relatifs à la philosophie');
SQL> INSERT INTO THEME (noTheme,intituleTheme) VALUES ('108' ,'Groupes de philosophes');
SQL> INSERT INTO THEME (noTheme,intituleTheme) VALUES ('109' ,'Histoire et biographie recueillie');
SQL> INSERT INTO THEME (noTheme,intituleTheme) VALUES ('110' ,'Métaphysique');
SQL> INSERT INTO THEME (noTheme,intituleTheme) VALUES ('111' ,'Ontologie');
SQL> INSERT INTO THEME (noTheme,intituleTheme) VALUES ('112' ,'(Vacant)—auparavant Méthodologie');
SQL> INSERT INTO THEME (noTheme,intituleTheme) VALUES ('113' ,'Cosmologie (Philosophie de la nature)');
SQL> INSERT INTO THEME (noTheme,intituleTheme) VALUES ('114' ,'Espace');
SQL> INSERT INTO THEME (noTheme,intituleTheme) VALUES ('115' ,'Temps');
SQL> INSERT INTO THEME (noTheme,intituleTheme) VALUES ('116' ,'Changement');
SQL> INSERT INTO THEME (noTheme,intituleTheme) VALUES ('117' ,'Structure');
SQL> INSERT INTO THEME (noTheme,intituleTheme) VALUES ('118' ,'Force et énergie');
SQL> INSERT INTO THEME (noTheme,intituleTheme) VALUES ('119' ,'Nombre et quantité');
SQL> INSERT INTO THEME (noTheme,intituleTheme) VALUES ('120' ,'Épistémologie, causalité, genre humain');
SQL> INSERT INTO THEME (noTheme,intituleTheme) VALUES ('121' ,'Épistémologie (Science du savoir)');
SQL> INSERT INTO THEME (noTheme,intituleTheme) VALUES ('122' ,'Causalité');
SQL> INSERT INTO THEME (noTheme,intituleTheme) VALUES ('123' ,'Déterminisme et Indéterminisme');
SQL> INSERT INTO THEME (noTheme,intituleTheme) VALUES ('124' ,'Téléologie');
SQL> INSERT INTO THEME (noTheme,intituleTheme) VALUES ('125' ,'(Vacant)—auparavant Infini');
SQL> INSERT INTO THEME (noTheme,intituleTheme) VALUES ('126' ,'L''individu');
SQL> INSERT INTO THEME (noTheme,intituleTheme) VALUES ('127' ,'L''inconscient et le subconscient');
SQL> INSERT INTO THEME (noTheme,intituleTheme) VALUES ('128' ,'Humanité');
SQL> INSERT INTO THEME (noTheme,intituleTheme) VALUES ('129' ,'Origine et devenir des âmes des individus');
SQL> INSERT INTO THEME (noTheme,intituleTheme) VALUES ('130' ,'Parapsychologie et occultisme');
SQL> INSERT INTO THEME (noTheme,intituleTheme) VALUES ('131' ,'Méthodes parapsychologiques et occultes pour atteindre le bien-être, le bonheur, la réussite');
SQL> INSERT INTO THEME (noTheme,intituleTheme) VALUES ('132' ,'(Vacant)—auparavant Troubles psychiques');
SQL> INSERT INTO THEME (noTheme,intituleTheme) VALUES ('133' ,'Sujets spécifiques de parapsychologie et d''occultisme');
SQL> INSERT INTO THEME (noTheme,intituleTheme) VALUES ('134' ,'(Vacant)—auparavant Mesmérisme et Clairvoyance');
SQL> INSERT INTO THEME (noTheme,intituleTheme) VALUES ('135' ,'Rêves et mystères');
SQL> INSERT INTO THEME (noTheme,intituleTheme) VALUES ('136' ,'(Vacant)—auparavant Caractéristiques mentales');
SQL> INSERT INTO THEME (noTheme,intituleTheme) VALUES ('137' ,'Graphologie divinatoire');
SQL> INSERT INTO THEME (noTheme,intituleTheme) VALUES ('138' ,'Physiognomonie');
SQL> INSERT INTO THEME (noTheme,intituleTheme) VALUES ('139' ,'Phrénologie');
SQL> INSERT INTO THEME (noTheme,intituleTheme) VALUES ('140' ,'Les divers points de vue et écoles philosophiques');
SQL> INSERT INTO THEME (noTheme,intituleTheme) VALUES ('141' ,'Idéalisme, systèmes et doctrines apparentées');
SQL> INSERT INTO THEME (noTheme,intituleTheme) VALUES ('142' ,'Criticisme');
SQL> INSERT INTO THEME (noTheme,intituleTheme) VALUES ('143' ,'Bergsonisme et intuitionnisme');
SQL> INSERT INTO THEME (noTheme,intituleTheme) VALUES ('144' ,'Humanisme, systèmes et doctrines apparentées');
SQL> INSERT INTO THEME (noTheme,intituleTheme) VALUES ('145' ,'Sensationnalisme');
SQL> INSERT INTO THEME (noTheme,intituleTheme) VALUES ('146' ,'Naturalisme, systèmes et doctrines apparentées');
SQL> INSERT INTO THEME (noTheme,intituleTheme) VALUES ('147' ,'Panthéisme, systèmes et doctrines apparentées');
SQL> INSERT INTO THEME (noTheme,intituleTheme) VALUES ('148' ,'Dogmatisme, éclectisme, libéralisme, syncrétisme, et traditionalisme');
SQL> INSERT INTO THEME (noTheme,intituleTheme) VALUES ('149' ,'Autres systèmes et doctrines philosophiques');
SQL> INSERT INTO THEME (noTheme,intituleTheme) VALUES ('150' ,'Psychologie');
SQL> INSERT INTO THEME (noTheme,intituleTheme) VALUES ('151' ,'(Vacant)—auparavant Intellect');
SQL> INSERT INTO THEME (noTheme,intituleTheme) VALUES ('152' ,'Perception sensorielle, mouvement, émotions, et pulsions physiologiques');
SQL> INSERT INTO THEME (noTheme,intituleTheme) VALUES ('153' ,'Processus mentaux conscients et intelligence');
SQL> INSERT INTO THEME (noTheme,intituleTheme) VALUES ('154' ,'Subconscient, altered state et processus alternatifs');
SQL> INSERT INTO THEME (noTheme,intituleTheme) VALUES ('155' ,'Psychologie différentielle et psychologie du développement');
SQL> INSERT INTO THEME (noTheme,intituleTheme) VALUES ('156' ,'Psychologie comparée');
SQL> INSERT INTO THEME (noTheme,intituleTheme) VALUES ('157' ,'(Vacant)—auparavant Émotions');
SQL> INSERT INTO THEME (noTheme,intituleTheme) VALUES ('158' ,'Psychologie appliquée');
SQL> INSERT INTO THEME (noTheme,intituleTheme) VALUES ('159' ,'(Vacant)—auparavant Volonté');
SQL> INSERT INTO THEME (noTheme,intituleTheme) VALUES ('160' ,'Logique philosophique');
SQL> INSERT INTO THEME (noTheme,intituleTheme) VALUES ('161' ,'Raisonnement inductif');
SQL> INSERT INTO THEME (noTheme,intituleTheme) VALUES ('162' ,'Raisonnement déductif');
SQL> INSERT INTO THEME (noTheme,intituleTheme) VALUES ('165' ,'Raisonnement fallacieux et sources d''erreur');
SQL> INSERT INTO THEME (noTheme,intituleTheme) VALUES ('166' ,'Syllogismes');
SQL> INSERT INTO THEME (noTheme,intituleTheme) VALUES ('167' ,'Hypothèses');
SQL> INSERT INTO THEME (noTheme,intituleTheme) VALUES ('168' ,'Argumentation et persuasion');
SQL> INSERT INTO THEME (noTheme,intituleTheme) VALUES ('169' ,'Analogie');
SQL> INSERT INTO THEME (noTheme,intituleTheme) VALUES ('170' ,'Éthique (Philosophie morale)');
SQL> INSERT INTO THEME (noTheme,intituleTheme) VALUES ('171' ,'Systèmes éthiques');
SQL> INSERT INTO THEME (noTheme,intituleTheme) VALUES ('172' ,'Éthique politique');
SQL> INSERT INTO THEME (noTheme,intituleTheme) VALUES ('173' ,'Éthique des relations familiales');
SQL> INSERT INTO THEME (noTheme,intituleTheme) VALUES ('174' ,'Éthique professionnelle');
SQL> INSERT INTO THEME (noTheme,intituleTheme) VALUES ('175' ,'Éthique du loisir, du temps libre, du spectacle, de la communication');
SQL> INSERT INTO THEME (noTheme,intituleTheme) VALUES ('176' ,'Éthique du sexe et de la reproduction');
SQL> INSERT INTO THEME (noTheme,intituleTheme) VALUES ('177' ,'Éthique des rapports sociaux');
SQL> INSERT INTO THEME (noTheme,intituleTheme) VALUES ('178' ,'Éthique de la consommation');
SQL> INSERT INTO THEME (noTheme,intituleTheme) VALUES ('179' ,'Autres normes d''éthiques');
SQL> INSERT INTO THEME (noTheme,intituleTheme) VALUES ('180' ,'Philosophie antique, médiévale, orientale');
SQL> INSERT INTO THEME (noTheme,intituleTheme) VALUES ('181' ,'Philosophie orientale');
SQL> INSERT INTO THEME (noTheme,intituleTheme) VALUES ('182' ,'Philosophie présocratique');
SQL> INSERT INTO THEME (noTheme,intituleTheme) VALUES ('183' ,'Sophistique, socratique, autres philosophies liées au monde grec antique');
SQL> INSERT INTO THEME (noTheme,intituleTheme) VALUES ('184' ,'Platonisme');
SQL> INSERT INTO THEME (noTheme,intituleTheme) VALUES ('185' ,'Aristotélisme');
SQL> INSERT INTO THEME (noTheme,intituleTheme) VALUES ('186' ,'Scepticisme et néoplatonisme');
SQL> INSERT INTO THEME (noTheme,intituleTheme) VALUES ('187' ,'Épicurisme');
SQL> INSERT INTO THEME (noTheme,intituleTheme) VALUES ('188' ,'Stoïcisme');
SQL> INSERT INTO THEME (noTheme,intituleTheme) VALUES ('189' ,'Philosophie médiévale occidentale');
SQL> INSERT INTO THEME (noTheme,intituleTheme) VALUES ('190' ,'Philosophie occidentale contemporaine et autres philosophies non orientales');
SQL> INSERT INTO THEME (noTheme,intituleTheme) VALUES ('191' ,'Philosophie américaine et canadienne');
SQL> INSERT INTO THEME (noTheme,intituleTheme) VALUES ('192' ,'Philosophies des îles britanniques');
SQL> INSERT INTO THEME (noTheme,intituleTheme) VALUES ('193' ,'Philosophie d''Allemagne et d''Autriche');
SQL> INSERT INTO THEME (noTheme,intituleTheme) VALUES ('194' ,'Philosophie de France');
SQL> INSERT INTO THEME (noTheme,intituleTheme) VALUES ('195' ,'Philosophie d''Italie');
SQL> INSERT INTO THEME (noTheme,intituleTheme) VALUES ('196' ,'Philosophie d''Espagne et du Portugal');
SQL> INSERT INTO THEME (noTheme,intituleTheme) VALUES ('197' ,'Philosophie de Russie');
SQL> INSERT INTO THEME (noTheme,intituleTheme) VALUES ('198' ,'Philosophie de Scandinavie et de Finlande');
SQL> INSERT INTO THEME (noTheme,intituleTheme) VALUES ('199' ,'Philosophie d''autres régions du monde');
SQL> INSERT INTO THEME (noTheme,intituleTheme) VALUES ('200' ,'Religion');
SQL> INSERT INTO THEME (noTheme,intituleTheme) VALUES ('201' ,'Mythologie religieuse, grandes catégories de religions, attitudes et relations entre les religions, théologie sociale');
SQL> INSERT INTO THEME (noTheme,intituleTheme) VALUES ('202' ,'Doctrines');
SQL> INSERT INTO THEME (noTheme,intituleTheme) VALUES ('203' ,'Culte public et autres pratiques');
SQL> INSERT INTO THEME (noTheme,intituleTheme) VALUES ('204' ,'Expérience, vie, pratique religieuses');
SQL> INSERT INTO THEME (noTheme,intituleTheme) VALUES ('205' ,'Morale religieuse');
SQL> INSERT INTO THEME (noTheme,intituleTheme) VALUES ('206' ,'Chefs spirituels et organisation');
SQL> INSERT INTO THEME (noTheme,intituleTheme) VALUES ('207' ,'Missions et enseignement religieux');
SQL> INSERT INTO THEME (noTheme,intituleTheme) VALUES ('208' ,'Sources');
SQL> INSERT INTO THEME (noTheme,intituleTheme) VALUES ('209' ,'Sectes et mouvements réformistes');
SQL> INSERT INTO THEME (noTheme,intituleTheme) VALUES ('210' ,'Philosophie et théorie de la religion');
SQL> INSERT INTO THEME (noTheme,intituleTheme) VALUES ('211' ,'Concepts de Dieu');
SQL> INSERT INTO THEME (noTheme,intituleTheme) VALUES ('212' ,'Existence de Dieu, moyens de connaître Dieu, attributs de Dieu');
SQL> INSERT INTO THEME (noTheme,intituleTheme) VALUES ('213' ,'Création');
SQL> INSERT INTO THEME (noTheme,intituleTheme) VALUES ('214' ,'Théodicée');
SQL> INSERT INTO THEME (noTheme,intituleTheme) VALUES ('215' ,'Science et religion');
SQL> INSERT INTO THEME (noTheme,intituleTheme) VALUES ('216' ,'[Vacant]');
SQL> INSERT INTO THEME (noTheme,intituleTheme) VALUES ('217' ,'[Vacant]');
SQL> INSERT INTO THEME (noTheme,intituleTheme) VALUES ('218' ,'Humanité (le genre humain)');
SQL> INSERT INTO THEME (noTheme,intituleTheme) VALUES ('219' ,'[Vacant]');
SQL> INSERT INTO THEME (noTheme,intituleTheme) VALUES ('220' ,'Bible');
SQL> INSERT INTO THEME (noTheme,intituleTheme) VALUES ('221' ,'Ancien Testament (Tanakh)');
SQL> INSERT INTO THEME (noTheme,intituleTheme) VALUES ('222' ,'Livres historiques de l''Ancien Testament');
SQL> INSERT INTO THEME (noTheme,intituleTheme) VALUES ('223' ,'Livres poétiques de l''Ancien Testament');
SQL> INSERT INTO THEME (noTheme,intituleTheme) VALUES ('224' ,'Livres prophétiques de l''Ancien Testament');
SQL> INSERT INTO THEME (noTheme,intituleTheme) VALUES ('225' ,'Nouveau Testament');
SQL> INSERT INTO THEME (noTheme,intituleTheme) VALUES ('226' ,'Évangiles et Actes des Apôtres');
SQL> INSERT INTO THEME (noTheme,intituleTheme) VALUES ('227' ,'Épitres');
SQL> INSERT INTO THEME (noTheme,intituleTheme) VALUES ('228' ,'Apocalypse de saint Jean');
SQL> INSERT INTO THEME (noTheme,intituleTheme) VALUES ('229' ,'Livres apocryphes et pseudépigraphes');
SQL> INSERT INTO THEME (noTheme,intituleTheme) VALUES ('230' ,'Christianisme Théologie chrétienne');
SQL> INSERT INTO THEME (noTheme,intituleTheme) VALUES ('231' ,'Dieu');
SQL> INSERT INTO THEME (noTheme,intituleTheme) VALUES ('232' ,'Jésus de Nazareth et sa famille Christologie');
SQL> INSERT INTO THEME (noTheme,intituleTheme) VALUES ('233' ,'Humanité (le genre humain)');
SQL> INSERT INTO THEME (noTheme,intituleTheme) VALUES ('234' ,'Salut et grâce');
SQL> INSERT INTO THEME (noTheme,intituleTheme) VALUES ('235' ,'Êtres spirituels');
SQL> INSERT INTO THEME (noTheme,intituleTheme) VALUES ('236' ,'Eschatologie');
SQL> INSERT INTO THEME (noTheme,intituleTheme) VALUES ('237' ,'[Vacant]');
SQL> INSERT INTO THEME (noTheme,intituleTheme) VALUES ('238' ,'Croyances, confessions de foi');
SQL> INSERT INTO THEME (noTheme,intituleTheme) VALUES ('239' ,'Apologétique et polémique');
SQL> INSERT INTO THEME (noTheme,intituleTheme) VALUES ('240' ,'Théologie morale et spirituelle chrétiennes');
SQL> INSERT INTO THEME (noTheme,intituleTheme) VALUES ('241' ,'Morale chrétienne');
SQL> INSERT INTO THEME (noTheme,intituleTheme) VALUES ('242' ,'Textes de dévotion');
SQL> INSERT INTO THEME (noTheme,intituleTheme) VALUES ('243' ,'Textes d''évangélisation à l''intention des individus et des familles');
SQL> INSERT INTO THEME (noTheme,intituleTheme) VALUES ('244' ,'[Vacant]');
SQL> INSERT INTO THEME (noTheme,intituleTheme) VALUES ('245' ,'[Vacant]');
SQL> INSERT INTO THEME (noTheme,intituleTheme) VALUES ('246' ,'Art dans le christianisme');
SQL> INSERT INTO THEME (noTheme,intituleTheme) VALUES ('247' ,'Mobilier d''église et objets religieux');
SQL> INSERT INTO THEME (noTheme,intituleTheme) VALUES ('248' ,'Expérience, pratique, vie chrétiennes');
SQL> INSERT INTO THEME (noTheme,intituleTheme) VALUES ('249' ,'Pratiques chrétiennes dans la vie familiale');
SQL> INSERT INTO THEME (noTheme,intituleTheme) VALUES ('250' ,'Églises chrétiennes locales et ordres religieux chrétiens');
SQL> INSERT INTO THEME (noTheme,intituleTheme) VALUES ('251' ,'Prédication (homilétique)');
SQL> INSERT INTO THEME (noTheme,intituleTheme) VALUES ('252' ,'Textes de sermons (homélies)');
SQL> INSERT INTO THEME (noTheme,intituleTheme) VALUES ('253' ,'Fonctions et devoirs pastoraux (théologie pastorale)');
SQL> INSERT INTO THEME (noTheme,intituleTheme) VALUES ('254' ,'Administration des paroisses');
SQL> INSERT INTO THEME (noTheme,intituleTheme) VALUES ('255' ,'Congrégations et ordres religieux');
SQL> INSERT INTO THEME (noTheme,intituleTheme) VALUES ('256' ,'[Vacant]');
SQL> INSERT INTO THEME (noTheme,intituleTheme) VALUES ('257' ,'[Vacant]');
SQL> INSERT INTO THEME (noTheme,intituleTheme) VALUES ('258' ,'[Vacant]');
SQL> INSERT INTO THEME (noTheme,intituleTheme) VALUES ('259' ,'Activités pastorales auprès des familles, des catégories particulières de personnes');
SQL> INSERT INTO THEME (noTheme,intituleTheme) VALUES ('260' ,'Théologie chrétienne et société et ecclésiologie');
SQL> INSERT INTO THEME (noTheme,intituleTheme) VALUES ('261' ,'Théologie chrétienne et société et relations et attitudes du christianisme envers les autres religions');
SQL> INSERT INTO THEME (noTheme,intituleTheme) VALUES ('262' ,'Ecclésiologie');
SQL> INSERT INTO THEME (noTheme,intituleTheme) VALUES ('263' ,'Jours, temps, lieux destinés au culte');
SQL> INSERT INTO THEME (noTheme,intituleTheme) VALUES ('264' ,'Culte public');
SQL> INSERT INTO THEME (noTheme,intituleTheme) VALUES ('265' ,'Sacrements, autres rites et cérémonies');
SQL> INSERT INTO THEME (noTheme,intituleTheme) VALUES ('266' ,'Missions');
SQL> INSERT INTO THEME (noTheme,intituleTheme) VALUES ('267' ,'Associations à but religieux');
SQL> INSERT INTO THEME (noTheme,intituleTheme) VALUES ('268' ,'Enseignement religieux');
SQL> INSERT INTO THEME (noTheme,intituleTheme) VALUES ('269' ,'Renouveau spirituel');
SQL> INSERT INTO THEME (noTheme,intituleTheme) VALUES ('270' ,'Histoire et géographie du christianisme et de l''Église');
SQL> INSERT INTO THEME (noTheme,intituleTheme) VALUES ('271' ,'Congrégations et ordres religieux dans l''histoire de l''Église');
SQL> INSERT INTO THEME (noTheme,intituleTheme) VALUES ('272' ,'Persécutions');
SQL> INSERT INTO THEME (noTheme,intituleTheme) VALUES ('273' ,'Controverses et hérésies doctrinales');
SQL> INSERT INTO THEME (noTheme,intituleTheme) VALUES ('274' ,'Christianisme en Europe, Église chrétienne en Europe');
SQL> INSERT INTO THEME (noTheme,intituleTheme) VALUES ('275' ,'Christianisme en Asie, Église chrétienne en Asie');
SQL> INSERT INTO THEME (noTheme,intituleTheme) VALUES ('276' ,'Christianisme en Afrique, Église chrétienne en Afrique');
SQL> INSERT INTO THEME (noTheme,intituleTheme) VALUES ('277' ,'Christianisme en Amérique du Nord, Église chrétienne en Amérique du Nord');
SQL> INSERT INTO THEME (noTheme,intituleTheme) VALUES ('278' ,'Christianisme en Amérique du Sud, Église chrétienne en Amérique du Sud');
SQL> INSERT INTO THEME (noTheme,intituleTheme) VALUES ('279' ,'Christianisme dans les autres parties du monde, Église chrétienne dans les autres parties du monde');
SQL> INSERT INTO THEME (noTheme,intituleTheme) VALUES ('280' ,'Confessions et sectes de l''Église chrétienne');
SQL> INSERT INTO THEME (noTheme,intituleTheme) VALUES ('281' ,'Église primitive et Églises orientales');
SQL> INSERT INTO THEME (noTheme,intituleTheme) VALUES ('282' ,'Église catholique romaine');
SQL> INSERT INTO THEME (noTheme,intituleTheme) VALUES ('283' ,'Églises anglicanes');
SQL> INSERT INTO THEME (noTheme,intituleTheme) VALUES ('284' ,'Confessions protestantes d''origine européenne continentale et groupes connexes');
SQL> INSERT INTO THEME (noTheme,intituleTheme) VALUES ('285' ,'Églises presbytériennes, Églises réformées en Amérique, Églises congrégationalistes, puritanisme');
SQL> INSERT INTO THEME (noTheme,intituleTheme) VALUES ('286' ,'Églises baptistes, des disciples du Christ, adventistes');
SQL> INSERT INTO THEME (noTheme,intituleTheme) VALUES ('287' ,'Églises méthodistes, Églises liées au méthodisme');
SQL> INSERT INTO THEME (noTheme,intituleTheme) VALUES ('288' ,'[Vacant]');
SQL> INSERT INTO THEME (noTheme,intituleTheme) VALUES ('289' ,'Autres confessions et sectes');
SQL> INSERT INTO THEME (noTheme,intituleTheme) VALUES ('290' ,'Autres religions');
SQL> INSERT INTO THEME (noTheme,intituleTheme) VALUES ('291' ,'[Vacant]');
SQL> INSERT INTO THEME (noTheme,intituleTheme) VALUES ('292' ,'Religion classique (religions grecque et romaine)');
SQL> INSERT INTO THEME (noTheme,intituleTheme) VALUES ('293' ,'Religion germanique');
SQL> INSERT INTO THEME (noTheme,intituleTheme) VALUES ('294' ,'Religions d''origine hindoue');
SQL> INSERT INTO THEME (noTheme,intituleTheme) VALUES ('295' ,'Zoroastrisme (mazdéisme, parsisme)');
SQL> INSERT INTO THEME (noTheme,intituleTheme) VALUES ('296' ,'Judaïsme');
SQL> INSERT INTO THEME (noTheme,intituleTheme) VALUES ('297' ,'Islam, Babisme et Bahaïsme');
SQL> INSERT INTO THEME (noTheme,intituleTheme) VALUES ('298' ,'[Vacant]');
SQL> INSERT INTO THEME (noTheme,intituleTheme) VALUES ('299' ,'Autres religions');
SQL> INSERT INTO THEME (noTheme,intituleTheme) VALUES ('300' ,'Sciences sociales');
SQL> INSERT INTO THEME (noTheme,intituleTheme) VALUES ('301' ,'Sociologie et anthropologie');
SQL> INSERT INTO THEME (noTheme,intituleTheme) VALUES ('302' ,'Interaction sociale');
SQL> INSERT INTO THEME (noTheme,intituleTheme) VALUES ('303' ,'Processus sociaux');
SQL> INSERT INTO THEME (noTheme,intituleTheme) VALUES ('304' ,'Facteurs influençant le comportement social');
SQL> INSERT INTO THEME (noTheme,intituleTheme) VALUES ('305' ,'Groupes sociaux');
SQL> INSERT INTO THEME (noTheme,intituleTheme) VALUES ('306' ,'Culture et institutions');
SQL> INSERT INTO THEME (noTheme,intituleTheme) VALUES ('307' ,'Communautés');
SQL> INSERT INTO THEME (noTheme,intituleTheme) VALUES ('308' ,'[Vacant]');
SQL> INSERT INTO THEME (noTheme,intituleTheme) VALUES ('309' ,'[Vacant]');
SQL> INSERT INTO THEME (noTheme,intituleTheme) VALUES ('310' ,'Recueils de statistiques générales');
SQL> INSERT INTO THEME (noTheme,intituleTheme) VALUES ('311' ,'[Vacant]');
SQL> INSERT INTO THEME (noTheme,intituleTheme) VALUES ('312' ,'[Vacant]');
SQL> INSERT INTO THEME (noTheme,intituleTheme) VALUES ('313' ,'[Vacant]');
SQL> INSERT INTO THEME (noTheme,intituleTheme) VALUES ('314' ,'Statistiques générales de l''Europe');
SQL> INSERT INTO THEME (noTheme,intituleTheme) VALUES ('315' ,'Statistiques générales de l''Asie');
SQL> INSERT INTO THEME (noTheme,intituleTheme) VALUES ('316' ,'Statistiques générales de l''Afrique');
SQL> INSERT INTO THEME (noTheme,intituleTheme) VALUES ('317' ,'Statistiques générales de l''Amérique du Nord');
SQL> INSERT INTO THEME (noTheme,intituleTheme) VALUES ('318' ,'Statistiques générales de l''Amérique du Sud');
SQL> INSERT INTO THEME (noTheme,intituleTheme) VALUES ('319' ,'Statistiques générales des autres parties du monde');
SQL> INSERT INTO THEME (noTheme,intituleTheme) VALUES ('320' ,'Science politique (politique et gouvernement)');
SQL> INSERT INTO THEME (noTheme,intituleTheme) VALUES ('321' ,'Types d''États et de gouvernements');
SQL> INSERT INTO THEME (noTheme,intituleTheme) VALUES ('322' ,'Relations entre l''État et les groupes sociaux organisés');
SQL> INSERT INTO THEME (noTheme,intituleTheme) VALUES ('323' ,'Droits civils et politiques');
SQL> INSERT INTO THEME (noTheme,intituleTheme) VALUES ('324' ,'La vie politique');
SQL> INSERT INTO THEME (noTheme,intituleTheme) VALUES ('325' ,'Migrations internationales et colonisation');
SQL> INSERT INTO THEME (noTheme,intituleTheme) VALUES ('326' ,'Esclavage et émancipation des esclaves');
SQL> INSERT INTO THEME (noTheme,intituleTheme) VALUES ('327' ,'Relations internationales');
SQL> INSERT INTO THEME (noTheme,intituleTheme) VALUES ('328' ,'Le processus législatif');
SQL> INSERT INTO THEME (noTheme,intituleTheme) VALUES ('329' ,'vacant');
SQL> INSERT INTO THEME (noTheme,intituleTheme) VALUES ('330' ,'Économie');
SQL> INSERT INTO THEME (noTheme,intituleTheme) VALUES ('331' ,'Économie du travail');
SQL> INSERT INTO THEME (noTheme,intituleTheme) VALUES ('332' ,'Économie financière');
SQL> INSERT INTO THEME (noTheme,intituleTheme) VALUES ('333' ,'Économie de la terre et des ressources naturelles');
SQL> INSERT INTO THEME (noTheme,intituleTheme) VALUES ('334' ,'Coopératives');
SQL> INSERT INTO THEME (noTheme,intituleTheme) VALUES ('335' ,'Socialisme et systèmes apparentés');
SQL> INSERT INTO THEME (noTheme,intituleTheme) VALUES ('336' ,'Finances publiques');
SQL> INSERT INTO THEME (noTheme,intituleTheme) VALUES ('337' ,'Économie internationale');
SQL> INSERT INTO THEME (noTheme,intituleTheme) VALUES ('338' ,'Production');
SQL> INSERT INTO THEME (noTheme,intituleTheme) VALUES ('339' ,'Macroéconomie et sujets connexes');
SQL> INSERT INTO THEME (noTheme,intituleTheme) VALUES ('340' ,'Droit');
SQL> INSERT INTO THEME (noTheme,intituleTheme) VALUES ('341' ,'Droit international');
SQL> INSERT INTO THEME (noTheme,intituleTheme) VALUES ('342' ,'Droit constitutionnel et administratif');
SQL> INSERT INTO THEME (noTheme,intituleTheme) VALUES ('343' ,'Droit de la défense, droit fiscal, commercial, industriel');
SQL> INSERT INTO THEME (noTheme,intituleTheme) VALUES ('344' ,'Droit social, du travail, de la santé, de l''éducation et de la culture');
SQL> INSERT INTO THEME (noTheme,intituleTheme) VALUES ('345' ,'Droit pénal');
SQL> INSERT INTO THEME (noTheme,intituleTheme) VALUES ('346' ,'Droit privé');
SQL> INSERT INTO THEME (noTheme,intituleTheme) VALUES ('347' ,'Procédure civile et tribunaux');
SQL> INSERT INTO THEME (noTheme,intituleTheme) VALUES ('348' ,'Lois, réglementations, jurisprudence');
SQL> INSERT INTO THEME (noTheme,intituleTheme) VALUES ('349' ,'Droit interne des différents États. Ouvrages d''ensemble sur le droit de chaque pays');
SQL> INSERT INTO THEME (noTheme,intituleTheme) VALUES ('350' ,'Administration publique. Art et science militaire');
SQL> INSERT INTO THEME (noTheme,intituleTheme) VALUES ('351' ,'Administration publique');
SQL> INSERT INTO THEME (noTheme,intituleTheme) VALUES ('352' ,'Généralités');
SQL> INSERT INTO THEME (noTheme,intituleTheme) VALUES ('353' ,'Secteurs spécifiques de l''administration');
SQL> INSERT INTO THEME (noTheme,intituleTheme) VALUES ('354' ,'Ministères et services chargés de l''environnement, des ressources naturelles, des affaires économiques');
SQL> INSERT INTO THEME (noTheme,intituleTheme) VALUES ('355' ,'Art et science militaires');
SQL> INSERT INTO THEME (noTheme,intituleTheme) VALUES ('356' ,'Infanterie');
SQL> INSERT INTO THEME (noTheme,intituleTheme) VALUES ('357' ,'Forces montées');
SQL> INSERT INTO THEME (noTheme,intituleTheme) VALUES ('358' ,'Artillerie. Forces aériennes et spatiales');
SQL> INSERT INTO THEME (noTheme,intituleTheme) VALUES ('359' ,'Marine militaire');
SQL> INSERT INTO THEME (noTheme,intituleTheme) VALUES ('360' ,'Problèmes et services sociaux. Associations');
SQL> INSERT INTO THEME (noTheme,intituleTheme) VALUES ('361' ,'Problèmes sociaux. Aide sociale');
SQL> INSERT INTO THEME (noTheme,intituleTheme) VALUES ('362' ,'Problèmes et services d''aide sociale');
SQL> INSERT INTO THEME (noTheme,intituleTheme) VALUES ('363' ,'Autres problèmes et services sociaux');
SQL> INSERT INTO THEME (noTheme,intituleTheme) VALUES ('364' ,'Criminologie');
SQL> INSERT INTO THEME (noTheme,intituleTheme) VALUES ('365' ,'Établissements pénitentiaires');
SQL> INSERT INTO THEME (noTheme,intituleTheme) VALUES ('366' ,'Associations');
SQL> INSERT INTO THEME (noTheme,intituleTheme) VALUES ('367' ,'Clubs');
SQL> INSERT INTO THEME (noTheme,intituleTheme) VALUES ('368' ,'Assurances');
SQL> INSERT INTO THEME (noTheme,intituleTheme) VALUES ('369' ,'Associations diverses');
SQL> INSERT INTO THEME (noTheme,intituleTheme) VALUES ('370' ,'Éducation, enseignement');
SQL> INSERT INTO THEME (noTheme,intituleTheme) VALUES ('371' ,'Les écoles et leurs activités, enseignement spécialisé, éducation spécialisée');
SQL> INSERT INTO THEME (noTheme,intituleTheme) VALUES ('372' ,'L''école élémentaire');
SQL> INSERT INTO THEME (noTheme,intituleTheme) VALUES ('373' ,'Enseignement secondaire');
SQL> INSERT INTO THEME (noTheme,intituleTheme) VALUES ('374' ,'Formation des adultes');
SQL> INSERT INTO THEME (noTheme,intituleTheme) VALUES ('375' ,'Programme d''enseignement');
SQL> INSERT INTO THEME (noTheme,intituleTheme) VALUES ('378' ,'Enseignement supérieur');
SQL> INSERT INTO THEME (noTheme,intituleTheme) VALUES ('379' ,'L''enseignement et l''État. Politique éducative');
SQL> INSERT INTO THEME (noTheme,intituleTheme) VALUES ('380' ,'Commerce, communications, transports');
SQL> INSERT INTO THEME (noTheme,intituleTheme) VALUES ('381' ,'Commerce intérieur');
SQL> INSERT INTO THEME (noTheme,intituleTheme) VALUES ('382' ,'Commerce international (commerce extérieur)');
SQL> INSERT INTO THEME (noTheme,intituleTheme) VALUES ('383' ,'Postes');
SQL> INSERT INTO THEME (noTheme,intituleTheme) VALUES ('384' ,'Communications, télécommunications');
SQL> INSERT INTO THEME (noTheme,intituleTheme) VALUES ('385' ,'Transports ferroviaires');
SQL> INSERT INTO THEME (noTheme,intituleTheme) VALUES ('386' ,'Transports par voies d''eau intérieures (Transport fluvial)');
SQL> INSERT INTO THEME (noTheme,intituleTheme) VALUES ('387' ,'Transports maritime, aérien, spatial');
SQL> INSERT INTO THEME (noTheme,intituleTheme) VALUES ('388' ,'Transports terrestre.Transports routiers');
SQL> INSERT INTO THEME (noTheme,intituleTheme) VALUES ('389' ,'Métrologie et normalisation');
SQL> INSERT INTO THEME (noTheme,intituleTheme) VALUES ('390' ,'Coutumes, savoir-vivre, folklore');
SQL> INSERT INTO THEME (noTheme,intituleTheme) VALUES ('391' ,'Costume et apparence personnelle');
SQL> INSERT INTO THEME (noTheme,intituleTheme) VALUES ('392' ,'Coutumes liées au cycle de l''existence et à la vie quotidienne');
SQL> INSERT INTO THEME (noTheme,intituleTheme) VALUES ('393' ,'Coutumes funéraires');
SQL> INSERT INTO THEME (noTheme,intituleTheme) VALUES ('394' ,'Coutumes générales');
SQL> INSERT INTO THEME (noTheme,intituleTheme) VALUES ('395' ,'Étiquette, savoir-vivre');
SQL> INSERT INTO THEME (noTheme,intituleTheme) VALUES ('396' ,'[Vacant]');
SQL> INSERT INTO THEME (noTheme,intituleTheme) VALUES ('397' ,'[Vacant]');
SQL> INSERT INTO THEME (noTheme,intituleTheme) VALUES ('398' ,'Folklore');
SQL> INSERT INTO THEME (noTheme,intituleTheme) VALUES ('399' ,'Coutumes de la guerre et de la diplomatie');
SQL> INSERT INTO THEME (noTheme,intituleTheme) VALUES ('400' ,'Langage');
SQL> INSERT INTO THEME (noTheme,intituleTheme) VALUES ('401' ,'Philosophie et théorie');
SQL> INSERT INTO THEME (noTheme,intituleTheme) VALUES ('402' ,'Ouvrages divers');
SQL> INSERT INTO THEME (noTheme,intituleTheme) VALUES ('403' ,'Dictionnaires, encyclopédies, concordances');
SQL> INSERT INTO THEME (noTheme,intituleTheme) VALUES ('404' ,'Sujets particuliers');
SQL> INSERT INTO THEME (noTheme,intituleTheme) VALUES ('405' ,'Publications en série');
SQL> INSERT INTO THEME (noTheme,intituleTheme) VALUES ('406' ,'Organisations');
SQL> INSERT INTO THEME (noTheme,intituleTheme) VALUES ('407' ,'Enseignement, recherche et sujets connexes');
SQL> INSERT INTO THEME (noTheme,intituleTheme) VALUES ('408' ,'Le langage chez les différents groupes');
SQL> INSERT INTO THEME (noTheme,intituleTheme) VALUES ('409' ,'Traitement géographique et biographique');
SQL> INSERT INTO THEME (noTheme,intituleTheme) VALUES ('410' ,'Linguistique');
SQL> INSERT INTO THEME (noTheme,intituleTheme) VALUES ('411' ,'Systèmes d''écriture des formes standard des langues');
SQL> INSERT INTO THEME (noTheme,intituleTheme) VALUES ('412' ,'Étymologie des formes standard des langues');
SQL> INSERT INTO THEME (noTheme,intituleTheme) VALUES ('413' ,'Dictionnaires des formes standard des langues');
SQL> INSERT INTO THEME (noTheme,intituleTheme) VALUES ('414' ,'Phonologie et phonétique des formes standard des langues');
SQL> INSERT INTO THEME (noTheme,intituleTheme) VALUES ('415' ,'Grammaire et syntaxe des formes standard des langues');
SQL> INSERT INTO THEME (noTheme,intituleTheme) VALUES ('416' ,'[Vacant]');
SQL> INSERT INTO THEME (noTheme,intituleTheme) VALUES ('417' ,'Dialectologie. Linguistique historique (diachronique)');
SQL> INSERT INTO THEME (noTheme,intituleTheme) VALUES ('418' ,'Standard usage (Prescriptive linguistics)');
SQL> INSERT INTO THEME (noTheme,intituleTheme) VALUES ('419' ,'Langage structuré autre que le langage parlé et le langage écrit');
SQL> INSERT INTO THEME (noTheme,intituleTheme) VALUES ('420' ,'Anglais et vieil anglais (anglo-saxon)');
SQL> INSERT INTO THEME (noTheme,intituleTheme) VALUES ('421' ,'Écriture et phonologie de l''anglais standard');
SQL> INSERT INTO THEME (noTheme,intituleTheme) VALUES ('422' ,'Étymologie de l''anglais');
SQL> INSERT INTO THEME (noTheme,intituleTheme) VALUES ('423' ,'Dictionnaires d''anglais');
SQL> INSERT INTO THEME (noTheme,intituleTheme) VALUES ('424' ,'[Vacant]');
SQL> INSERT INTO THEME (noTheme,intituleTheme) VALUES ('425' ,'Grammaire de l''anglais standard');
SQL> INSERT INTO THEME (noTheme,intituleTheme) VALUES ('426' ,'[Vacant]');
SQL> INSERT INTO THEME (noTheme,intituleTheme) VALUES ('427' ,'Variantes historiques et géographiques, variantes locales');
SQL> INSERT INTO THEME (noTheme,intituleTheme) VALUES ('428' ,'Usage');
SQL> INSERT INTO THEME (noTheme,intituleTheme) VALUES ('429' ,'Vieil anglais');
SQL> INSERT INTO THEME (noTheme,intituleTheme) VALUES ('430' ,'Langues germaniques. Allemand');
SQL> INSERT INTO THEME (noTheme,intituleTheme) VALUES ('431' ,'Écriture et phonologie de l''allemand standard');
SQL> INSERT INTO THEME (noTheme,intituleTheme) VALUES ('432' ,'Étymologie de l''allemand');
SQL> INSERT INTO THEME (noTheme,intituleTheme) VALUES ('433' ,'Dictionnaires d''allemand');
SQL> INSERT INTO THEME (noTheme,intituleTheme) VALUES ('434' ,'[Vacant]');
SQL> INSERT INTO THEME (noTheme,intituleTheme) VALUES ('435' ,'Grammaire de l''allemand standard');
SQL> INSERT INTO THEME (noTheme,intituleTheme) VALUES ('436' ,'[Vacant]');
SQL> INSERT INTO THEME (noTheme,intituleTheme) VALUES ('437' ,'Variantes historiques et géographiques, variantes locales');
SQL> INSERT INTO THEME (noTheme,intituleTheme) VALUES ('438' ,'Usage');
SQL> INSERT INTO THEME (noTheme,intituleTheme) VALUES ('439' ,'Autres langages germaniques');
SQL> INSERT INTO THEME (noTheme,intituleTheme) VALUES ('440' ,'Langues romanes. Français');
SQL> INSERT INTO THEME (noTheme,intituleTheme) VALUES ('441' ,'Écriture et phonologie du français standard');
SQL> INSERT INTO THEME (noTheme,intituleTheme) VALUES ('442' ,'Étymologie du français');
SQL> INSERT INTO THEME (noTheme,intituleTheme) VALUES ('443' ,'Dictionnaires de français');
SQL> INSERT INTO THEME (noTheme,intituleTheme) VALUES ('444' ,'[Vacant]');
SQL> INSERT INTO THEME (noTheme,intituleTheme) VALUES ('445' ,'Grammaire français');
SQL> INSERT INTO THEME (noTheme,intituleTheme) VALUES ('446' ,'[Vacant]');
SQL> INSERT INTO THEME (noTheme,intituleTheme) VALUES ('447' ,'Variantes historiques et géographiques, variantes locales');
SQL> INSERT INTO THEME (noTheme,intituleTheme) VALUES ('448' ,'Usage');
SQL> INSERT INTO THEME (noTheme,intituleTheme) VALUES ('449' ,'Occitan Catalan, Franco-Provençal');
SQL> INSERT INTO THEME (noTheme,intituleTheme) VALUES ('450' ,'Italien, sarde, dalmate, roumain, langues rhéto-romanes');
SQL> INSERT INTO THEME (noTheme,intituleTheme) VALUES ('451' ,'Écriture et phonologie de l''italien standard');
SQL> INSERT INTO THEME (noTheme,intituleTheme) VALUES ('452' ,'Étymologie l''italien standard');
SQL> INSERT INTO THEME (noTheme,intituleTheme) VALUES ('453' ,'Dictionnaires d''italien');
SQL> INSERT INTO THEME (noTheme,intituleTheme) VALUES ('454' ,'[Vacant]');
SQL> INSERT INTO THEME (noTheme,intituleTheme) VALUES ('455' ,'Grammaire de l''italien standard');
SQL> INSERT INTO THEME (noTheme,intituleTheme) VALUES ('456' ,'[Vacant]');
SQL> INSERT INTO THEME (noTheme,intituleTheme) VALUES ('457' ,'Variantes historiques et géographiques, variantes locales');
SQL> INSERT INTO THEME (noTheme,intituleTheme) VALUES ('458' ,'Usage');
SQL> INSERT INTO THEME (noTheme,intituleTheme) VALUES ('459' ,'Roumain et langues rhéto-romanes');
SQL> INSERT INTO THEME (noTheme,intituleTheme) VALUES ('460' ,'Langues espagnole et portugaise');
SQL> INSERT INTO THEME (noTheme,intituleTheme) VALUES ('461' ,'Écriture et phonologie de l''espagnol standard');
SQL> INSERT INTO THEME (noTheme,intituleTheme) VALUES ('462' ,'Étymologie l''espagnol standard');
SQL> INSERT INTO THEME (noTheme,intituleTheme) VALUES ('463' ,'Dictionnaires d''espagnol');
SQL> INSERT INTO THEME (noTheme,intituleTheme) VALUES ('464' ,'[Vacant]');
SQL> INSERT INTO THEME (noTheme,intituleTheme) VALUES ('465' ,'Grammaire de l''espagnol standard');
SQL> INSERT INTO THEME (noTheme,intituleTheme) VALUES ('466' ,'[Vacant]');
SQL> INSERT INTO THEME (noTheme,intituleTheme) VALUES ('467' ,'Variantes historiques et géographiques, variantes locales');
SQL> INSERT INTO THEME (noTheme,intituleTheme) VALUES ('468' ,'Usage');
SQL> INSERT INTO THEME (noTheme,intituleTheme) VALUES ('469' ,'Langue portugaise');
SQL> INSERT INTO THEME (noTheme,intituleTheme) VALUES ('470' ,'Langues italiques. Latin');
SQL> INSERT INTO THEME (noTheme,intituleTheme) VALUES ('471' ,'Écriture et phonologie du latin classique');
SQL> INSERT INTO THEME (noTheme,intituleTheme) VALUES ('472' ,'Étymologie du latin classique');
SQL> INSERT INTO THEME (noTheme,intituleTheme) VALUES ('473' ,'Dictionnaires de latin');
SQL> INSERT INTO THEME (noTheme,intituleTheme) VALUES ('474' ,'[Vacant]');
SQL> INSERT INTO THEME (noTheme,intituleTheme) VALUES ('475' ,'Grammaire de latin classique');
SQL> INSERT INTO THEME (noTheme,intituleTheme) VALUES ('476' ,'[Vacant]');
SQL> INSERT INTO THEME (noTheme,intituleTheme) VALUES ('477' ,'Latin archaïque, post-classique, populaire');
SQL> INSERT INTO THEME (noTheme,intituleTheme) VALUES ('478' ,'Usage du latin classique');
SQL> INSERT INTO THEME (noTheme,intituleTheme) VALUES ('479' ,'autres langues italiques');
SQL> INSERT INTO THEME (noTheme,intituleTheme) VALUES ('480' ,'Langues helléniques. Grec classique');
SQL> INSERT INTO THEME (noTheme,intituleTheme) VALUES ('481' ,'Écriture et phonologie du grec classique');
SQL> INSERT INTO THEME (noTheme,intituleTheme) VALUES ('482' ,'Étymologie du grec classique');
SQL> INSERT INTO THEME (noTheme,intituleTheme) VALUES ('483' ,'Dictionnaires de grec classique');
SQL> INSERT INTO THEME (noTheme,intituleTheme) VALUES ('484' ,'[Vacant]');
SQL> INSERT INTO THEME (noTheme,intituleTheme) VALUES ('485' ,'Grammaire du grec classique');
SQL> INSERT INTO THEME (noTheme,intituleTheme) VALUES ('486' ,'[Vacant]');
SQL> INSERT INTO THEME (noTheme,intituleTheme) VALUES ('487' ,'Grec post-classique, hellénistique et byzantin');
SQL> INSERT INTO THEME (noTheme,intituleTheme) VALUES ('488' ,'Usage du grec classique');
SQL> INSERT INTO THEME (noTheme,intituleTheme) VALUES ('489' ,'Autres langues helléniques');
SQL> INSERT INTO THEME (noTheme,intituleTheme) VALUES ('490' ,'Autres langues');
SQL> INSERT INTO THEME (noTheme,intituleTheme) VALUES ('491' ,'Langues indo-européennes orientales et langues cetiques');
SQL> INSERT INTO THEME (noTheme,intituleTheme) VALUES ('492' ,'Langues afro-asiatiques (chamito-sémitiques)');
SQL> INSERT INTO THEME (noTheme,intituleTheme) VALUES ('493' ,'Langues afro-asiatiques non chamitiques');
SQL> INSERT INTO THEME (noTheme,intituleTheme) VALUES ('494' ,'Langues ouralo-altaïques, hyperboréennes (paléo-sibériennes) et dravidiennes');
SQL> INSERT INTO THEME (noTheme,intituleTheme) VALUES ('495' ,'Langues de l''Asie de l''Est et du Sud-Est. Langues sino-tibétaines');
SQL> INSERT INTO THEME (noTheme,intituleTheme) VALUES ('496' ,'Langues africaines');
SQL> INSERT INTO THEME (noTheme,intituleTheme) VALUES ('497' ,'Langues indiennes et autochtones de l''Amérique du Nord');
SQL> INSERT INTO THEME (noTheme,intituleTheme) VALUES ('498' ,'Langues indiennes de l''Amérique du Sud');
SQL> INSERT INTO THEME (noTheme,intituleTheme) VALUES ('499' ,'Langues papoues de l''Océanie, langues malayo-polynésiennes, diverses autres langues');
SQL> INSERT INTO THEME (noTheme,intituleTheme) VALUES ('500' ,'Sciences de la nature et mathématiques');
SQL> INSERT INTO THEME (noTheme,intituleTheme) VALUES ('501' ,'Philosophie et théorie');
SQL> INSERT INTO THEME (noTheme,intituleTheme) VALUES ('502' ,'Ouvrages divers');
SQL> INSERT INTO THEME (noTheme,intituleTheme) VALUES ('503' ,'Dictionnaires, encyclopédies, tableaux comparatifs');
SQL> INSERT INTO THEME (noTheme,intituleTheme) VALUES ('504' ,'[Vacant]');
SQL> INSERT INTO THEME (noTheme,intituleTheme) VALUES ('505' ,'Publications en série');
SQL> INSERT INTO THEME (noTheme,intituleTheme) VALUES ('506' ,'Organisations');
SQL> INSERT INTO THEME (noTheme,intituleTheme) VALUES ('507' ,'Étude et enseignement');
SQL> INSERT INTO THEME (noTheme,intituleTheme) VALUES ('508' ,'Histoire naturelle');
SQL> INSERT INTO THEME (noTheme,intituleTheme) VALUES ('509' ,'Étude historique, géographique, relative à des personnes');
SQL> INSERT INTO THEME (noTheme,intituleTheme) VALUES ('510' ,'Mathématiques');
SQL> INSERT INTO THEME (noTheme,intituleTheme) VALUES ('511' ,'Principes généraux des mathématiques');
SQL> INSERT INTO THEME (noTheme,intituleTheme) VALUES ('512' ,'Algèbre, théorie des nombres');
SQL> INSERT INTO THEME (noTheme,intituleTheme) VALUES ('513' ,'Arithmétique');
SQL> INSERT INTO THEME (noTheme,intituleTheme) VALUES ('514' ,'Topologie');
SQL> INSERT INTO THEME (noTheme,intituleTheme) VALUES ('515' ,'Analyse');
SQL> INSERT INTO THEME (noTheme,intituleTheme) VALUES ('516' ,'Géométrie');
SQL> INSERT INTO THEME (noTheme,intituleTheme) VALUES ('517' ,'[Vacant]');
SQL> INSERT INTO THEME (noTheme,intituleTheme) VALUES ('518' ,'[Vacant]');
SQL> INSERT INTO THEME (noTheme,intituleTheme) VALUES ('519' ,'Probabilités et mathématiques appliquées');
SQL> INSERT INTO THEME (noTheme,intituleTheme) VALUES ('520' ,'Astronomie et sciences connexes');
SQL> INSERT INTO THEME (noTheme,intituleTheme) VALUES ('521' ,'Mécanique céleste');
SQL> INSERT INTO THEME (noTheme,intituleTheme) VALUES ('522' ,'Techniques, équipements, matériels');
SQL> INSERT INTO THEME (noTheme,intituleTheme) VALUES ('523' ,'Astronomie descriptive');
SQL> INSERT INTO THEME (noTheme,intituleTheme) VALUES ('524' ,'[Vacant]');
SQL> INSERT INTO THEME (noTheme,intituleTheme) VALUES ('525' ,'Terre (géographie astronomique)');
SQL> INSERT INTO THEME (noTheme,intituleTheme) VALUES ('526' ,'Géographie mathématique');
SQL> INSERT INTO THEME (noTheme,intituleTheme) VALUES ('527' ,'Navigation astronomique');
SQL> INSERT INTO THEME (noTheme,intituleTheme) VALUES ('528' ,'Éphémérides');
SQL> INSERT INTO THEME (noTheme,intituleTheme) VALUES ('529' ,'Chronologie');
SQL> INSERT INTO THEME (noTheme,intituleTheme) VALUES ('530' ,'Physique');
SQL> INSERT INTO THEME (noTheme,intituleTheme) VALUES ('531' ,'Mécanique classique, Mécanique des solides');
SQL> INSERT INTO THEME (noTheme,intituleTheme) VALUES ('532' ,'Mécanique des fluides, Mécanique des liquides');
SQL> INSERT INTO THEME (noTheme,intituleTheme) VALUES ('533' ,'Mécanique des gaz');
SQL> INSERT INTO THEME (noTheme,intituleTheme) VALUES ('534' ,'Son et vibrations associées, Acoustique');
SQL> INSERT INTO THEME (noTheme,intituleTheme) VALUES ('535' ,'Lumière et phénomènes de l''infrarouge et de l''ultraviolet');
SQL> INSERT INTO THEME (noTheme,intituleTheme) VALUES ('536' ,'Chaleur');
SQL> INSERT INTO THEME (noTheme,intituleTheme) VALUES ('537' ,'Électricité et électronique');
SQL> INSERT INTO THEME (noTheme,intituleTheme) VALUES ('538' ,'Magnétisme');
SQL> INSERT INTO THEME (noTheme,intituleTheme) VALUES ('539' ,'Physique moderne');
SQL> INSERT INTO THEME (noTheme,intituleTheme) VALUES ('540' ,'Chimie et sciences connexes');
SQL> INSERT INTO THEME (noTheme,intituleTheme) VALUES ('541' ,'Chimie physique et théorique');
SQL> INSERT INTO THEME (noTheme,intituleTheme) VALUES ('542' ,'Techniques, procédés, appareils, équipement, matériel');
SQL> INSERT INTO THEME (noTheme,intituleTheme) VALUES ('543' ,'Chimie analytique');
SQL> INSERT INTO THEME (noTheme,intituleTheme) VALUES ('544' ,'Analyse qualitative');
SQL> INSERT INTO THEME (noTheme,intituleTheme) VALUES ('545' ,'Analyse quantitative');
SQL> INSERT INTO THEME (noTheme,intituleTheme) VALUES ('546' ,'Chimie minérale');
SQL> INSERT INTO THEME (noTheme,intituleTheme) VALUES ('547' ,'Chimie organique');
SQL> INSERT INTO THEME (noTheme,intituleTheme) VALUES ('548' ,'Cristallographie');
SQL> INSERT INTO THEME (noTheme,intituleTheme) VALUES ('549' ,'Minéralogie');
SQL> INSERT INTO THEME (noTheme,intituleTheme) VALUES ('550' ,'Sciences de la Terre');
SQL> INSERT INTO THEME (noTheme,intituleTheme) VALUES ('551' ,'Géologie, météorologie, hydrologie générale');
SQL> INSERT INTO THEME (noTheme,intituleTheme) VALUES ('552' ,'Pétrologie');
SQL> INSERT INTO THEME (noTheme,intituleTheme) VALUES ('553' ,'Géologie économique');
SQL> INSERT INTO THEME (noTheme,intituleTheme) VALUES ('554' ,'Géologie de l''Europe');
SQL> INSERT INTO THEME (noTheme,intituleTheme) VALUES ('555' ,'Géologie de l''Asie');
SQL> INSERT INTO THEME (noTheme,intituleTheme) VALUES ('556' ,'Géologie de l''Afrique');
SQL> INSERT INTO THEME (noTheme,intituleTheme) VALUES ('557' ,'Géologie de l''Amérique du Nord');
SQL> INSERT INTO THEME (noTheme,intituleTheme) VALUES ('558' ,'Géologie de l''Amérique du Sud');
SQL> INSERT INTO THEME (noTheme,intituleTheme) VALUES ('559' ,'Géologie des autres parties du monde');
SQL> INSERT INTO THEME (noTheme,intituleTheme) VALUES ('560' ,'Paléontologie');
SQL> INSERT INTO THEME (noTheme,intituleTheme) VALUES ('561' ,'Paléobotanique');
SQL> INSERT INTO THEME (noTheme,intituleTheme) VALUES ('562' ,'Invertébrés fossiles');
SQL> INSERT INTO THEME (noTheme,intituleTheme) VALUES ('563' ,'Fossiles marins et des bords de mers');
SQL> INSERT INTO THEME (noTheme,intituleTheme) VALUES ('564' ,'Mollusques et molluscoïdes fossiles');
SQL> INSERT INTO THEME (noTheme,intituleTheme) VALUES ('565' ,'Arthropodes fossiles');
SQL> INSERT INTO THEME (noTheme,intituleTheme) VALUES ('566' ,'Cordés fossiles');
SQL> INSERT INTO THEME (noTheme,intituleTheme) VALUES ('567' ,'Vertébrés à sang froid fossiles. Poissons fossiles');
SQL> INSERT INTO THEME (noTheme,intituleTheme) VALUES ('568' ,'Oiseaux fossiles');
SQL> INSERT INTO THEME (noTheme,intituleTheme) VALUES ('569' ,'Mammifères fossiles');
SQL> INSERT INTO THEME (noTheme,intituleTheme) VALUES ('570' ,'Sciences de la vie. Biologie');
SQL> INSERT INTO THEME (noTheme,intituleTheme) VALUES ('571' ,'Physiologie et sujets voisins');
SQL> INSERT INTO THEME (noTheme,intituleTheme) VALUES ('572' ,'Biochimie');
SQL> INSERT INTO THEME (noTheme,intituleTheme) VALUES ('573' ,'Anatomie, histologie et physiologie animales');
SQL> INSERT INTO THEME (noTheme,intituleTheme) VALUES ('574' ,'[Vacant]');
SQL> INSERT INTO THEME (noTheme,intituleTheme) VALUES ('575' ,'Anatomie et physiologie végétales');
SQL> INSERT INTO THEME (noTheme,intituleTheme) VALUES ('576' ,'Génétique et évolution');
SQL> INSERT INTO THEME (noTheme,intituleTheme) VALUES ('577' ,'Écologie');
SQL> INSERT INTO THEME (noTheme,intituleTheme) VALUES ('578' ,'Histoire naturelle des organismes et sujets apparenté');
SQL> INSERT INTO THEME (noTheme,intituleTheme) VALUES ('579' ,'Micro-organismes, champignons, algues');
SQL> INSERT INTO THEME (noTheme,intituleTheme) VALUES ('580' ,'Plantes');
SQL> INSERT INTO THEME (noTheme,intituleTheme) VALUES ('581' ,'Sujets spécifiques de la biologie végétale');
SQL> INSERT INTO THEME (noTheme,intituleTheme) VALUES ('582' ,'Plantes étudiées en fonction de leurs propriétés végétatives particulières et de leurs fleurs');
SQL> INSERT INTO THEME (noTheme,intituleTheme) VALUES ('583' ,'Magnoliopsidées (Dicotylédones)');
SQL> INSERT INTO THEME (noTheme,intituleTheme) VALUES ('584' ,'Liliopsidées (Monocotylédones)');
SQL> INSERT INTO THEME (noTheme,intituleTheme) VALUES ('585' ,'Pinophytes (Gymnospermes), Coniférales (Conifères)');
SQL> INSERT INTO THEME (noTheme,intituleTheme) VALUES ('586' ,'Cryptogames (plantes sans graine)');
SQL> INSERT INTO THEME (noTheme,intituleTheme) VALUES ('587' ,'Ptéridophytes (plantes vasculaires sans graines, fougères)');
SQL> INSERT INTO THEME (noTheme,intituleTheme) VALUES ('588' ,'Bryophytes (mousses)');
SQL> INSERT INTO THEME (noTheme,intituleTheme) VALUES ('589' ,'Vacant — précédemment foresterie');
SQL> INSERT INTO THEME (noTheme,intituleTheme) VALUES ('590' ,'Animaux');
SQL> INSERT INTO THEME (noTheme,intituleTheme) VALUES ('591' ,'Sujets particuliers de la biologie animale');
SQL> INSERT INTO THEME (noTheme,intituleTheme) VALUES ('592' ,'Invertébrés');
SQL> INSERT INTO THEME (noTheme,intituleTheme) VALUES ('593' ,'Divers invertébrés marins et du littoral');
SQL> INSERT INTO THEME (noTheme,intituleTheme) VALUES ('594' ,'Mollusques et molluscoïdes');
SQL> INSERT INTO THEME (noTheme,intituleTheme) VALUES ('595' ,'Arthropodes');
SQL> INSERT INTO THEME (noTheme,intituleTheme) VALUES ('596' ,'Chordés. Vertébrés');
SQL> INSERT INTO THEME (noTheme,intituleTheme) VALUES ('597' ,'Vertébrés à sang froid. Poissons');
SQL> INSERT INTO THEME (noTheme,intituleTheme) VALUES ('598' ,'Oiseaux');
SQL> INSERT INTO THEME (noTheme,intituleTheme) VALUES ('599' ,'Mammifères');
SQL> INSERT INTO THEME (noTheme,intituleTheme) VALUES ('600' ,'Technologie (Sciences appliquées)');
SQL> INSERT INTO THEME (noTheme,intituleTheme) VALUES ('601' ,'Philosophie et théorie');
SQL> INSERT INTO THEME (noTheme,intituleTheme) VALUES ('602' ,'Ouvrages divers');
SQL> INSERT INTO THEME (noTheme,intituleTheme) VALUES ('603' ,'Dictionnaires, encyclopédies, ouvrages comparatifs');
SQL> INSERT INTO THEME (noTheme,intituleTheme) VALUES ('604' ,'Dessin industriel. Technique des substances dangereuses');
SQL> INSERT INTO THEME (noTheme,intituleTheme) VALUES ('605' ,'Publications en séries. Périodiques');
SQL> INSERT INTO THEME (noTheme,intituleTheme) VALUES ('606' ,'Organisations');
SQL> INSERT INTO THEME (noTheme,intituleTheme) VALUES ('607' ,'Enseignement, recherche');
SQL> INSERT INTO THEME (noTheme,intituleTheme) VALUES ('608' ,'Inventions et brevets');
SQL> INSERT INTO THEME (noTheme,intituleTheme) VALUES ('609' ,'Histoire et géographie');
SQL> INSERT INTO THEME (noTheme,intituleTheme) VALUES ('610' ,'Sciences médicales. Médecine');
SQL> INSERT INTO THEME (noTheme,intituleTheme) VALUES ('610.3' ,'Dictionnaires, encyclopédies');
SQL> INSERT INTO THEME (noTheme,intituleTheme) VALUES ('610.6' ,'Organisations, gestion, professions médicales');
SQL> INSERT INTO THEME (noTheme,intituleTheme) VALUES ('610.7' ,'Étude et enseignement, recherche, soins infirmiers, sujets connexes');
SQL> INSERT INTO THEME (noTheme,intituleTheme) VALUES ('610.72' ,'Recherche médicale');
SQL> INSERT INTO THEME (noTheme,intituleTheme) VALUES ('610.9' ,'Histoire et géographie de la médecine');
SQL> INSERT INTO THEME (noTheme,intituleTheme) VALUES ('611' ,'Anatomie humaine, biologie des tissus, cytologie humaine');
SQL> INSERT INTO THEME (noTheme,intituleTheme) VALUES ('611.1' ,'Appareil cardio-vasculaire');
SQL> INSERT INTO THEME (noTheme,intituleTheme) VALUES ('611.2' ,'Appareil respiratoire');
SQL> INSERT INTO THEME (noTheme,intituleTheme) VALUES ('611.3' ,'Appareil digestif');
SQL> INSERT INTO THEME (noTheme,intituleTheme) VALUES ('611.4' ,'Système lymphatique et glandulaire');
SQL> INSERT INTO THEME (noTheme,intituleTheme) VALUES ('611.6' ,'Appareil génito-urinaire');
SQL> INSERT INTO THEME (noTheme,intituleTheme) VALUES ('611.7' ,'Organes moteurs et tégumentaires');
SQL> INSERT INTO THEME (noTheme,intituleTheme) VALUES ('611.8' ,'Système nerveux et organes des sens');
SQL> INSERT INTO THEME (noTheme,intituleTheme) VALUES ('611.81' ,'Cerveau');
SQL> INSERT INTO THEME (noTheme,intituleTheme) VALUES ('611.84' ,'Yeux');
SQL> INSERT INTO THEME (noTheme,intituleTheme) VALUES ('611.85' ,'Oreilles');
SQL> INSERT INTO THEME (noTheme,intituleTheme) VALUES ('611.9' ,'Anatomie topographique');
SQL> INSERT INTO THEME (noTheme,intituleTheme) VALUES ('612' ,'Physiologie humaine');
SQL> INSERT INTO THEME (noTheme,intituleTheme) VALUES ('613' ,'Promotion de la santé');
SQL> INSERT INTO THEME (noTheme,intituleTheme) VALUES ('613.1' ,'Rôle de l''environnement naturel');
SQL> INSERT INTO THEME (noTheme,intituleTheme) VALUES ('613.2' ,'Diététique : aliments et boissons. Valeurs nutritives des aliments');
SQL> INSERT INTO THEME (noTheme,intituleTheme) VALUES ('613.4' ,'Propreté personnelle. Soins de la personne');
SQL> INSERT INTO THEME (noTheme,intituleTheme) VALUES ('613.5' ,'Rôle de l''environnement non naturel');
SQL> INSERT INTO THEME (noTheme,intituleTheme) VALUES ('613.6' ,'Sujets spéciaux');
SQL> INSERT INTO THEME (noTheme,intituleTheme) VALUES ('613.62' ,'Hygiène industrielle');
SQL> INSERT INTO THEME (noTheme,intituleTheme) VALUES ('613.66' ,'Autodéfense');
SQL> INSERT INTO THEME (noTheme,intituleTheme) VALUES ('613.7' ,'Condition physique');
SQL> INSERT INTO THEME (noTheme,intituleTheme) VALUES ('613.71' ,'Exercice et activités physiques');
SQL> INSERT INTO THEME (noTheme,intituleTheme) VALUES ('613.79' ,'Relaxation, repos, sommeil');
SQL> INSERT INTO THEME (noTheme,intituleTheme) VALUES ('613.8' ,'Toxicomanies');
SQL> INSERT INTO THEME (noTheme,intituleTheme) VALUES ('613.9' ,'Contrôle des naissances. Hygiène sexuelle. Procréation médicalement assistée');
SQL> INSERT INTO THEME (noTheme,intituleTheme) VALUES ('614' ,'Santé publique et sujets connexes');
SQL> INSERT INTO THEME (noTheme,intituleTheme) VALUES ('615' ,'Pharmacologie et thérapeutique');
SQL> INSERT INTO THEME (noTheme,intituleTheme) VALUES ('616' ,'Maladies');
SQL> INSERT INTO THEME (noTheme,intituleTheme) VALUES ('617' ,'Chirurgie et sujets connexes');
SQL> INSERT INTO THEME (noTheme,intituleTheme) VALUES ('618' ,'Autres branches de la médecine. Gynécologie et obstétrique');
SQL> INSERT INTO THEME (noTheme,intituleTheme) VALUES ('619' ,'Médecine expérimentale');
SQL> INSERT INTO THEME (noTheme,intituleTheme) VALUES ('620' ,'Art de l’ingénieur et activités connexes');
SQL> INSERT INTO THEME (noTheme,intituleTheme) VALUES ('621' ,'Physique appliquée');
SQL> INSERT INTO THEME (noTheme,intituleTheme) VALUES ('622' ,'Génie minier et activités connexes');
SQL> INSERT INTO THEME (noTheme,intituleTheme) VALUES ('623' ,'Génie militaire et naval');
SQL> INSERT INTO THEME (noTheme,intituleTheme) VALUES ('624' ,'Génie civil');
SQL> INSERT INTO THEME (noTheme,intituleTheme) VALUES ('625' ,'Chemins de fer, routes, autoroutes');
SQL> INSERT INTO THEME (noTheme,intituleTheme) VALUES ('626' ,'[Vacant]');
SQL> INSERT INTO THEME (noTheme,intituleTheme) VALUES ('627' ,'Génie hydraulique');
SQL> INSERT INTO THEME (noTheme,intituleTheme) VALUES ('628' ,'Technique sanitaire et municipale. Génie Urbain');
SQL> INSERT INTO THEME (noTheme,intituleTheme) VALUES ('629' ,'Autres branches de l''art de l''ingénieur');
SQL> INSERT INTO THEME (noTheme,intituleTheme) VALUES ('630' ,'Agronomie, agriculture et activités connexes');
SQL> INSERT INTO THEME (noTheme,intituleTheme) VALUES ('631' ,'Techniques spécifiques, équipement');
SQL> INSERT INTO THEME (noTheme,intituleTheme) VALUES ('632' ,'Dégâts causés aux plantes, maladies et parasites');
SQL> INSERT INTO THEME (noTheme,intituleTheme) VALUES ('633' ,'Champs et cultures');
SQL> INSERT INTO THEME (noTheme,intituleTheme) VALUES ('634' ,'Vergers, fruits, foresterie. Arboriculture');
SQL> INSERT INTO THEME (noTheme,intituleTheme) VALUES ('635' ,'Produits des jardins (Horticulture). Légumes');
SQL> INSERT INTO THEME (noTheme,intituleTheme) VALUES ('636' ,'Élevage');
SQL> INSERT INTO THEME (noTheme,intituleTheme) VALUES ('637' ,'Industrie laitière');
SQL> INSERT INTO THEME (noTheme,intituleTheme) VALUES ('638' ,'Élevage d''insects');
SQL> INSERT INTO THEME (noTheme,intituleTheme) VALUES ('639' ,'Chasse et pêche commerciale, protection de la faune et de la flore');
SQL> INSERT INTO THEME (noTheme,intituleTheme) VALUES ('640' ,'Économie domestique (arts ménagers). Vie familiale');
SQL> INSERT INTO THEME (noTheme,intituleTheme) VALUES ('641' ,'Nourriture et boisson');
SQL> INSERT INTO THEME (noTheme,intituleTheme) VALUES ('642' ,'Repas, service à table');
SQL> INSERT INTO THEME (noTheme,intituleTheme) VALUES ('643' ,'Logement et équipement ménager');
SQL> INSERT INTO THEME (noTheme,intituleTheme) VALUES ('644' ,'Chauffage et autres équipements');
SQL> INSERT INTO THEME (noTheme,intituleTheme) VALUES ('645' ,'Mobilier et décoration');
SQL> INSERT INTO THEME (noTheme,intituleTheme) VALUES ('646' ,'Couture, Vêtement, gestion de la vie personnelle et familiale');
SQL> INSERT INTO THEME (noTheme,intituleTheme) VALUES ('647' ,'Organisation des établissements hôteliers, hôtels, restaurants');
SQL> INSERT INTO THEME (noTheme,intituleTheme) VALUES ('648' ,'Travaux d''entretien');
SQL> INSERT INTO THEME (noTheme,intituleTheme) VALUES ('649' ,'Puériculture ; soin à domicile des handicapés et des malades');
SQL> INSERT INTO THEME (noTheme,intituleTheme) VALUES ('650' ,'Gestion de l''entreprise et services auxiliaires');
SQL> INSERT INTO THEME (noTheme,intituleTheme) VALUES ('651' ,'Bureaux');
SQL> INSERT INTO THEME (noTheme,intituleTheme) VALUES ('652' ,'Procédés de la communication écrite');
SQL> INSERT INTO THEME (noTheme,intituleTheme) VALUES ('653' ,'Sténographie');
SQL> INSERT INTO THEME (noTheme,intituleTheme) VALUES ('657' ,'Comptabilité');
SQL> INSERT INTO THEME (noTheme,intituleTheme) VALUES ('658' ,'Gestion des entreprises privées et publiques');
SQL> INSERT INTO THEME (noTheme,intituleTheme) VALUES ('659' ,'Publicité et relations publiques');
SQL> INSERT INTO THEME (noTheme,intituleTheme) VALUES ('660' ,'Génie chimique (chimie industrielle) et techniques connexes');
SQL> INSERT INTO THEME (noTheme,intituleTheme) VALUES ('661' ,'Technologie des produits chimiques industriels (chimie lourde)');
SQL> INSERT INTO THEME (noTheme,intituleTheme) VALUES ('662' ,'Technologie des explosifs, combustibles, produits dérivés');
SQL> INSERT INTO THEME (noTheme,intituleTheme) VALUES ('663' ,'Technologie des boissons');
SQL> INSERT INTO THEME (noTheme,intituleTheme) VALUES ('664' ,'Technologie des aliments');
SQL> INSERT INTO THEME (noTheme,intituleTheme) VALUES ('665' ,'Technologie industrielle relative aux huiles, graisses, cires et gaz industriels');
SQL> INSERT INTO THEME (noTheme,intituleTheme) VALUES ('666' ,'Technologie de la céramique et technologies annexes');
SQL> INSERT INTO THEME (noTheme,intituleTheme) VALUES ('667' ,'Nettoyage, industries des colorants');
SQL> INSERT INTO THEME (noTheme,intituleTheme) VALUES ('668' ,'Technologie des autres produits organiques');
SQL> INSERT INTO THEME (noTheme,intituleTheme) VALUES ('669' ,'Métallurgie');
SQL> INSERT INTO THEME (noTheme,intituleTheme) VALUES ('670' ,'Fabrication industrielle');
SQL> INSERT INTO THEME (noTheme,intituleTheme) VALUES ('671' ,'Métallurgie industrielle');
SQL> INSERT INTO THEME (noTheme,intituleTheme) VALUES ('672' ,'Métallurgie des métaux ferreux');
SQL> INSERT INTO THEME (noTheme,intituleTheme) VALUES ('673' ,'Métallurgie des métaux non-ferreux');
SQL> INSERT INTO THEME (noTheme,intituleTheme) VALUES ('674' ,'Technologie du bois, produits du bois, liège');
SQL> INSERT INTO THEME (noTheme,intituleTheme) VALUES ('675' ,'Technologie du cuir et de la fourrure');
SQL> INSERT INTO THEME (noTheme,intituleTheme) VALUES ('676' ,'Technologie de la pâte à papier et du papier');
SQL> INSERT INTO THEME (noTheme,intituleTheme) VALUES ('677' ,'Textiles');
SQL> INSERT INTO THEME (noTheme,intituleTheme) VALUES ('678' ,'Élastomères & produits élastomères');
SQL> INSERT INTO THEME (noTheme,intituleTheme) VALUES ('679' ,'Autres produits faits de matériaux divers');
SQL> INSERT INTO THEME (noTheme,intituleTheme) VALUES ('680' ,'Fabrications de produits à usages particuliers');
SQL> INSERT INTO THEME (noTheme,intituleTheme) VALUES ('681' ,'Instruments de précision');
SQL> INSERT INTO THEME (noTheme,intituleTheme) VALUES ('682' ,'Ferronnerie, petits travaux de forge');
SQL> INSERT INTO THEME (noTheme,intituleTheme) VALUES ('683' ,'Quincaillerie, serrurerie');
SQL> INSERT INTO THEME (noTheme,intituleTheme) VALUES ('684' ,'Ameublement, bricolage à la maison');
SQL> INSERT INTO THEME (noTheme,intituleTheme) VALUES ('685' ,'Articles de cuir et de fourrures, produits dérivés');
SQL> INSERT INTO THEME (noTheme,intituleTheme) VALUES ('686' ,'Imprimerie et activités dérivées');
SQL> INSERT INTO THEME (noTheme,intituleTheme) VALUES ('687' ,'Fabrication de vêtements');
SQL> INSERT INTO THEME (noTheme,intituleTheme) VALUES ('688' ,'Autres articles, technologie des emballages');
SQL> INSERT INTO THEME (noTheme,intituleTheme) VALUES ('689' ,'[Vacant]');
SQL> INSERT INTO THEME (noTheme,intituleTheme) VALUES ('690' ,'Bâtiments');
SQL> INSERT INTO THEME (noTheme,intituleTheme) VALUES ('691' ,'Matériaux de construction');
SQL> INSERT INTO THEME (noTheme,intituleTheme) VALUES ('692' ,'Techniques annexes');
SQL> INSERT INTO THEME (noTheme,intituleTheme) VALUES ('693' ,'Construction de bâtiments de matériaux déterminés et à des fins déterminées');
SQL> INSERT INTO THEME (noTheme,intituleTheme) VALUES ('694' ,'Utilisation du bois dans la construction, menuiserie');
SQL> INSERT INTO THEME (noTheme,intituleTheme) VALUES ('695' ,'Couverture, toiture');
SQL> INSERT INTO THEME (noTheme,intituleTheme) VALUES ('696' ,'Plomberie');
SQL> INSERT INTO THEME (noTheme,intituleTheme) VALUES ('697' ,'Ingénierie du Chauffage, ventilation et climatisation');
SQL> INSERT INTO THEME (noTheme,intituleTheme) VALUES ('698' ,'Finitions');
SQL> INSERT INTO THEME (noTheme,intituleTheme) VALUES ('699' ,'[Vacant]');
SQL> INSERT INTO THEME (noTheme,intituleTheme) VALUES ('700' ,'Les arts. Beaux-arts et arts décoratifs');
SQL> INSERT INTO THEME (noTheme,intituleTheme) VALUES ('701' ,'Philosophie et théorie des beaux-arts et des arts décoratifs');
SQL> INSERT INTO THEME (noTheme,intituleTheme) VALUES ('702' ,'Ouvrages divers sur les beaux-arts et des arts décoratifs');
SQL> INSERT INTO THEME (noTheme,intituleTheme) VALUES ('703' ,'Dictionnaires, encyclopédies des beaux-arts et des arts décoratifs');
SQL> INSERT INTO THEME (noTheme,intituleTheme) VALUES ('704' ,'Caractères particuliers');
SQL> INSERT INTO THEME (noTheme,intituleTheme) VALUES ('705' ,'Publications en série');
SQL> INSERT INTO THEME (noTheme,intituleTheme) VALUES ('706' ,'Organisations et commerce');
SQL> INSERT INTO THEME (noTheme,intituleTheme) VALUES ('707' ,'Étude et enseignement');
SQL> INSERT INTO THEME (noTheme,intituleTheme) VALUES ('708' ,'Galeries, musées, collections d''art');
SQL> INSERT INTO THEME (noTheme,intituleTheme) VALUES ('709' ,'Histoire et géographie des beaux-arts et des arts décoratifs');
SQL> INSERT INTO THEME (noTheme,intituleTheme) VALUES ('710' ,'Urbanisme. Art du paysage');
SQL> INSERT INTO THEME (noTheme,intituleTheme) VALUES ('711' ,'Aménagement du territoire (urbanisme)');
SQL> INSERT INTO THEME (noTheme,intituleTheme) VALUES ('712' ,'Arts du paysage');
SQL> INSERT INTO THEME (noTheme,intituleTheme) VALUES ('713' ,'Architecture du paysage des voies de communication');
SQL> INSERT INTO THEME (noTheme,intituleTheme) VALUES ('714' ,'Pièces d''eau dans l''architecture du paysage');
SQL> INSERT INTO THEME (noTheme,intituleTheme) VALUES ('715' ,'Plantes ligneuses dans l''architecture du paysage');
SQL> INSERT INTO THEME (noTheme,intituleTheme) VALUES ('716' ,'Plantes herbacées dans l''architecture du paysage');
SQL> INSERT INTO THEME (noTheme,intituleTheme) VALUES ('717' ,'Mobilier urbain');
SQL> INSERT INTO THEME (noTheme,intituleTheme) VALUES ('718' ,'Cimetières');
SQL> INSERT INTO THEME (noTheme,intituleTheme) VALUES ('719' ,'Sites naturels');
SQL> INSERT INTO THEME (noTheme,intituleTheme) VALUES ('720' ,'Architecture');
SQL> INSERT INTO THEME (noTheme,intituleTheme) VALUES ('721' ,'Construction architecturale');
SQL> INSERT INTO THEME (noTheme,intituleTheme) VALUES ('722' ,'Architecture de l''Antiquité et de l''Orient (jusqu''à 300)');
SQL> INSERT INTO THEME (noTheme,intituleTheme) VALUES ('723' ,'Architecture médiévale (300-1399)');
SQL> INSERT INTO THEME (noTheme,intituleTheme) VALUES ('724' ,'Architecture 1400-...');
SQL> INSERT INTO THEME (noTheme,intituleTheme) VALUES ('725' ,'Édifices d''usage public');
SQL> INSERT INTO THEME (noTheme,intituleTheme) VALUES ('726' ,'Édifices religieux');
SQL> INSERT INTO THEME (noTheme,intituleTheme) VALUES ('727' ,'Édifices destinés à l''éducation et la recherche');
SQL> INSERT INTO THEME (noTheme,intituleTheme) VALUES ('728' ,'Bâtiments d''habitation');
SQL> INSERT INTO THEME (noTheme,intituleTheme) VALUES ('729' ,'Décoration des édifices');
SQL> INSERT INTO THEME (noTheme,intituleTheme) VALUES ('730' ,'Arts plastiques. Sculpture');
SQL> INSERT INTO THEME (noTheme,intituleTheme) VALUES ('731' ,'Procédés et représentations');
SQL> INSERT INTO THEME (noTheme,intituleTheme) VALUES ('732' ,'Sculpture primitive et orientale, et de l''Occident ancien');
SQL> INSERT INTO THEME (noTheme,intituleTheme) VALUES ('733' ,'Sculpture grecque, étrusque, romaine');
SQL> INSERT INTO THEME (noTheme,intituleTheme) VALUES ('734' ,'Sculpture médiévale, 500-1400');
SQL> INSERT INTO THEME (noTheme,intituleTheme) VALUES ('735' ,'Sculpture moderne, 1400-...');
SQL> INSERT INTO THEME (noTheme,intituleTheme) VALUES ('736' ,'Taille, ciselage, sculpture');
SQL> INSERT INTO THEME (noTheme,intituleTheme) VALUES ('737' ,'Numismatique et sigillographie');
SQL> INSERT INTO THEME (noTheme,intituleTheme) VALUES ('738' ,'Céramique');
SQL> INSERT INTO THEME (noTheme,intituleTheme) VALUES ('739' ,'Art du métal');
SQL> INSERT INTO THEME (noTheme,intituleTheme) VALUES ('740' ,'Dessin, arts décoratifs');
SQL> INSERT INTO THEME (noTheme,intituleTheme) VALUES ('741' ,'Dessin et dessins');
SQL> INSERT INTO THEME (noTheme,intituleTheme) VALUES ('742' ,'Perspective');
SQL> INSERT INTO THEME (noTheme,intituleTheme) VALUES ('743' ,'Le dessin et les dessins, classés par sujets');
SQL> INSERT INTO THEME (noTheme,intituleTheme) VALUES ('744' ,'[vacant]');
SQL> INSERT INTO THEME (noTheme,intituleTheme) VALUES ('745' ,'Arts décoratifs, arts mineurs');
SQL> INSERT INTO THEME (noTheme,intituleTheme) VALUES ('746' ,'Art et artisanat des textiles');
SQL> INSERT INTO THEME (noTheme,intituleTheme) VALUES ('747' ,'Décoration d''intérieur');
SQL> INSERT INTO THEME (noTheme,intituleTheme) VALUES ('748' ,'Verre');
SQL> INSERT INTO THEME (noTheme,intituleTheme) VALUES ('749' ,'Mobiliers et accessoires');
SQL> INSERT INTO THEME (noTheme,intituleTheme) VALUES ('750' ,'La peinture et les peintures');
SQL> INSERT INTO THEME (noTheme,intituleTheme) VALUES ('751' ,'Procédés et types de peintures');
SQL> INSERT INTO THEME (noTheme,intituleTheme) VALUES ('752' ,'Couleur');
SQL> INSERT INTO THEME (noTheme,intituleTheme) VALUES ('753' ,'Sujets allégoriques, mythologiques, symboliques');
SQL> INSERT INTO THEME (noTheme,intituleTheme) VALUES ('754' ,'Scènes de la vie quotidienne');
SQL> INSERT INTO THEME (noTheme,intituleTheme) VALUES ('755' ,'Peinture religieuse');
SQL> INSERT INTO THEME (noTheme,intituleTheme) VALUES ('756' ,'[vacant]');
SQL> INSERT INTO THEME (noTheme,intituleTheme) VALUES ('757' ,'Représentations de la personne. Portraits');
SQL> INSERT INTO THEME (noTheme,intituleTheme) VALUES ('758' ,'Autres sujets');
SQL> INSERT INTO THEME (noTheme,intituleTheme) VALUES ('759' ,'Histoire et géographie');
SQL> INSERT INTO THEME (noTheme,intituleTheme) VALUES ('760' ,'Arts graphiques. La gravures et les gravures');
SQL> INSERT INTO THEME (noTheme,intituleTheme) VALUES ('761' ,'Procédés en relief');
SQL> INSERT INTO THEME (noTheme,intituleTheme) VALUES ('762' ,'[vacant]');
SQL> INSERT INTO THEME (noTheme,intituleTheme) VALUES ('763' ,'Lithographie');
SQL> INSERT INTO THEME (noTheme,intituleTheme) VALUES ('764' ,'Chromolithographie et sérigraphie');
SQL> INSERT INTO THEME (noTheme,intituleTheme) VALUES ('765' ,'Gravure sur métal');
SQL> INSERT INTO THEME (noTheme,intituleTheme) VALUES ('766' ,'Manière noire, aquatinte');
SQL> INSERT INTO THEME (noTheme,intituleTheme) VALUES ('767' ,'Eau-forte et pointe sèche');
SQL> INSERT INTO THEME (noTheme,intituleTheme) VALUES ('768' ,'[vacant]');
SQL> INSERT INTO THEME (noTheme,intituleTheme) VALUES ('769' ,'Estampes');
SQL> INSERT INTO THEME (noTheme,intituleTheme) VALUES ('770' ,'Photographie et photographies');
SQL> INSERT INTO THEME (noTheme,intituleTheme) VALUES ('771' ,'Appareils, équipements, matériels');
SQL> INSERT INTO THEME (noTheme,intituleTheme) VALUES ('772' ,'Procédés utilisant des sels métalliques');
SQL> INSERT INTO THEME (noTheme,intituleTheme) VALUES ('773' ,'Procédés par pigments');
SQL> INSERT INTO THEME (noTheme,intituleTheme) VALUES ('774' ,'Holographie');
SQL> INSERT INTO THEME (noTheme,intituleTheme) VALUES ('775' ,'[vacant]');
SQL> INSERT INTO THEME (noTheme,intituleTheme) VALUES ('776' ,'Art numérique. Art par ordinateur');
SQL> INSERT INTO THEME (noTheme,intituleTheme) VALUES ('777' ,'Cinématographie et Vidéographie');
SQL> INSERT INTO THEME (noTheme,intituleTheme) VALUES ('778' ,'Différents domaines de la photographie');
SQL> INSERT INTO THEME (noTheme,intituleTheme) VALUES ('779' ,'Photographies, recueils de photographies');
SQL> INSERT INTO THEME (noTheme,intituleTheme) VALUES ('780' ,'Musique');
SQL> INSERT INTO THEME (noTheme,intituleTheme) VALUES ('781' ,'Principes généraux et formes musicales');
SQL> INSERT INTO THEME (noTheme,intituleTheme) VALUES ('782' ,'Musique vocale');
SQL> INSERT INTO THEME (noTheme,intituleTheme) VALUES ('783' ,'Musique pour voix seule. La voix');
SQL> INSERT INTO THEME (noTheme,intituleTheme) VALUES ('784' ,'Ensembles instrumentaux');
SQL> INSERT INTO THEME (noTheme,intituleTheme) VALUES ('785' ,'Ensembles à un seul instrument par partie');
SQL> INSERT INTO THEME (noTheme,intituleTheme) VALUES ('786' ,'Claviers, instruments mécaniques et électriques, percussions');
SQL> INSERT INTO THEME (noTheme,intituleTheme) VALUES ('787' ,'Instruments à cordes');
SQL> INSERT INTO THEME (noTheme,intituleTheme) VALUES ('788' ,'Instruments à vent');
SQL> INSERT INTO THEME (noTheme,intituleTheme) VALUES ('789' ,'[vacant]');
SQL> INSERT INTO THEME (noTheme,intituleTheme) VALUES ('790' ,'Loisirs et arts du spectacle. Sports');
SQL> INSERT INTO THEME (noTheme,intituleTheme) VALUES ('791' ,'Représentations scéniques');
SQL> INSERT INTO THEME (noTheme,intituleTheme) VALUES ('792' ,'Théâtre. Représentations sur scène');
SQL> INSERT INTO THEME (noTheme,intituleTheme) VALUES ('793' ,'Jeux d''intérieur');
SQL> INSERT INTO THEME (noTheme,intituleTheme) VALUES ('794' ,'Jeux d''habileté d''intérieur');
SQL> INSERT INTO THEME (noTheme,intituleTheme) VALUES ('795' ,'Jeux de hasard. Jeux de cartes');
SQL> INSERT INTO THEME (noTheme,intituleTheme) VALUES ('796' ,'Sports, jeux athlétiques d''extérieur');
SQL> INSERT INTO THEME (noTheme,intituleTheme) VALUES ('797' ,'Sports nautiques et aériens');
SQL> INSERT INTO THEME (noTheme,intituleTheme) VALUES ('798' ,'Sports équestres, courses d''animaux');
SQL> INSERT INTO THEME (noTheme,intituleTheme) VALUES ('799' ,'Pêche, chasse, tir');
SQL> INSERT INTO THEME (noTheme,intituleTheme) VALUES ('800' ,'Littérature (Belles-lettres) et techniques d''écriture');
SQL> INSERT INTO THEME (noTheme,intituleTheme) VALUES ('801' ,'Philosophie et théorie');
SQL> INSERT INTO THEME (noTheme,intituleTheme) VALUES ('802' ,'Ouvrages divers');
SQL> INSERT INTO THEME (noTheme,intituleTheme) VALUES ('803' ,'Dictionnaires, encyclopédies, concordances');
SQL> INSERT INTO THEME (noTheme,intituleTheme) VALUES ('804' ,'[Vacant]');
SQL> INSERT INTO THEME (noTheme,intituleTheme) VALUES ('805' ,'Publications en série');
SQL> INSERT INTO THEME (noTheme,intituleTheme) VALUES ('806' ,'Organisations');
SQL> INSERT INTO THEME (noTheme,intituleTheme) VALUES ('807' ,'Étude et enseignement');
SQL> INSERT INTO THEME (noTheme,intituleTheme) VALUES ('808' ,'Rhétorique et recueils');
SQL> INSERT INTO THEME (noTheme,intituleTheme) VALUES ('809' ,'Histoire, analyse, critiques littéraires générales');
SQL> INSERT INTO THEME (noTheme,intituleTheme) VALUES ('810' ,'Littérature américaine de langue anglaise');
SQL> INSERT INTO THEME (noTheme,intituleTheme) VALUES ('811' ,'Poésie');
SQL> INSERT INTO THEME (noTheme,intituleTheme) VALUES ('812' ,'Littérature dramatique');
SQL> INSERT INTO THEME (noTheme,intituleTheme) VALUES ('813' ,'Fiction');
SQL> INSERT INTO THEME (noTheme,intituleTheme) VALUES ('814' ,'Essais');
SQL> INSERT INTO THEME (noTheme,intituleTheme) VALUES ('815' ,'Discours');
SQL> INSERT INTO THEME (noTheme,intituleTheme) VALUES ('816' ,'Correspondance');
SQL> INSERT INTO THEME (noTheme,intituleTheme) VALUES ('817' ,'Humour, satire');
SQL> INSERT INTO THEME (noTheme,intituleTheme) VALUES ('818' ,'Textes divers');
SQL> INSERT INTO THEME (noTheme,intituleTheme) VALUES ('819' ,'[Vacant]');
SQL> INSERT INTO THEME (noTheme,intituleTheme) VALUES ('820' ,'Littératures anglaise et anglo-saxonne');
SQL> INSERT INTO THEME (noTheme,intituleTheme) VALUES ('821' ,'Poésie');
SQL> INSERT INTO THEME (noTheme,intituleTheme) VALUES ('822' ,'Littérature dramatique');
SQL> INSERT INTO THEME (noTheme,intituleTheme) VALUES ('823' ,'Fiction');
SQL> INSERT INTO THEME (noTheme,intituleTheme) VALUES ('824' ,'Essais');
SQL> INSERT INTO THEME (noTheme,intituleTheme) VALUES ('825' ,'Discours');
SQL> INSERT INTO THEME (noTheme,intituleTheme) VALUES ('826' ,'Correspondance');
SQL> INSERT INTO THEME (noTheme,intituleTheme) VALUES ('827' ,'Humour, satire');
SQL> INSERT INTO THEME (noTheme,intituleTheme) VALUES ('828' ,'Textes divers');
SQL> INSERT INTO THEME (noTheme,intituleTheme) VALUES ('829' ,'Anglo-saxon. Vieil anglais');
SQL> INSERT INTO THEME (noTheme,intituleTheme) VALUES ('830' ,'Littérature des langues germaniques. Littérature allemande');
SQL> INSERT INTO THEME (noTheme,intituleTheme) VALUES ('831' ,'Poésie');
SQL> INSERT INTO THEME (noTheme,intituleTheme) VALUES ('832' ,'Littérature dramatique');
SQL> INSERT INTO THEME (noTheme,intituleTheme) VALUES ('833' ,'Fiction');
SQL> INSERT INTO THEME (noTheme,intituleTheme) VALUES ('834' ,'Essais');
SQL> INSERT INTO THEME (noTheme,intituleTheme) VALUES ('835' ,'Discours');
SQL> INSERT INTO THEME (noTheme,intituleTheme) VALUES ('836' ,'Correspondance');
SQL> INSERT INTO THEME (noTheme,intituleTheme) VALUES ('837' ,'Humour, satire');
SQL> INSERT INTO THEME (noTheme,intituleTheme) VALUES ('838' ,'Textes divers');
SQL> INSERT INTO THEME (noTheme,intituleTheme) VALUES ('839' ,'Autres littératures germaniques');
SQL> INSERT INTO THEME (noTheme,intituleTheme) VALUES ('840' ,'Littérature des langues romanes. Littérature française');
SQL> INSERT INTO THEME (noTheme,intituleTheme) VALUES ('841' ,'Poésie de langue française');
SQL> INSERT INTO THEME (noTheme,intituleTheme) VALUES ('842' ,'Littérature dramatique');
SQL> INSERT INTO THEME (noTheme,intituleTheme) VALUES ('843' ,'Fiction');
SQL> INSERT INTO THEME (noTheme,intituleTheme) VALUES ('843.01' ,'La nouvelle');
SQL> INSERT INTO THEME (noTheme,intituleTheme) VALUES ('843.06' ,'La bande dessinée');
SQL> INSERT INTO THEME (noTheme,intituleTheme) VALUES ('843.08' ,'les genres romanesques');
SQL> INSERT INTO THEME (noTheme,intituleTheme) VALUES ('843.08.081' ,'Le roman historique');
SQL> INSERT INTO THEME (noTheme,intituleTheme) VALUES ('843.08.083' ,'Le roman social, psychhologique, réaliste');
SQL> INSERT INTO THEME (noTheme,intituleTheme) VALUES ('843.08.085' ,'Le roman sentimental');
SQL> INSERT INTO THEME (noTheme,intituleTheme) VALUES ('843.08.087.2',' Le roman à énigme, à suspense, le roman noir');
SQL> INSERT INTO THEME (noTheme,intituleTheme) VALUES ('843.08.087.6',' La science fiction');
SQL> INSERT INTO THEME (noTheme,intituleTheme) VALUES ('844' ,'Essais');
SQL> INSERT INTO THEME (noTheme,intituleTheme) VALUES ('845' ,'Discours');
SQL> INSERT INTO THEME (noTheme,intituleTheme) VALUES ('846' ,'Correspondance');
SQL> INSERT INTO THEME (noTheme,intituleTheme) VALUES ('847' ,'Humour, satire');
SQL> INSERT INTO THEME (noTheme,intituleTheme) VALUES ('848' ,'Écrits divers');
SQL> INSERT INTO THEME (noTheme,intituleTheme) VALUES ('849' ,'Littératures provençales et catalanes');
SQL> INSERT INTO THEME (noTheme,intituleTheme) VALUES ('850' ,'Littératures italienne, roumaine, rhéto-romane');
SQL> INSERT INTO THEME (noTheme,intituleTheme) VALUES ('851' ,'Poésie');
SQL> INSERT INTO THEME (noTheme,intituleTheme) VALUES ('852' ,'Littérature dramatique');
SQL> INSERT INTO THEME (noTheme,intituleTheme) VALUES ('853' ,'Fiction');
SQL> INSERT INTO THEME (noTheme,intituleTheme) VALUES ('854' ,'Essais');
SQL> INSERT INTO THEME (noTheme,intituleTheme) VALUES ('855' ,'Discours');
SQL> INSERT INTO THEME (noTheme,intituleTheme) VALUES ('856' ,'Correspondance');
SQL> INSERT INTO THEME (noTheme,intituleTheme) VALUES ('857' ,'Humour, satire');
SQL> INSERT INTO THEME (noTheme,intituleTheme) VALUES ('858' ,'Textes divers');
SQL> INSERT INTO THEME (noTheme,intituleTheme) VALUES ('859' ,'Roumain et rhéto-roman');
SQL> INSERT INTO THEME (noTheme,intituleTheme) VALUES ('860' ,'Littératures espagnole et portugaise');
SQL> INSERT INTO THEME (noTheme,intituleTheme) VALUES ('861' ,'Poésie');
SQL> INSERT INTO THEME (noTheme,intituleTheme) VALUES ('862' ,'Littérature dramatique');
SQL> INSERT INTO THEME (noTheme,intituleTheme) VALUES ('863' ,'Fiction');
SQL> INSERT INTO THEME (noTheme,intituleTheme) VALUES ('864' ,'Essais');
SQL> INSERT INTO THEME (noTheme,intituleTheme) VALUES ('865' ,'Discours');
SQL> INSERT INTO THEME (noTheme,intituleTheme) VALUES ('866' ,'Correspondance');
SQL> INSERT INTO THEME (noTheme,intituleTheme) VALUES ('867' ,'Humour, satire');
SQL> INSERT INTO THEME (noTheme,intituleTheme) VALUES ('868' ,'Textes divers');
SQL> INSERT INTO THEME (noTheme,intituleTheme) VALUES ('869' ,'Portugais et brésilien');
SQL> INSERT INTO THEME (noTheme,intituleTheme) VALUES ('870' ,'Littératures des langues italiques. Littérature latine');
SQL> INSERT INTO THEME (noTheme,intituleTheme) VALUES ('871' ,'Poésie');
SQL> INSERT INTO THEME (noTheme,intituleTheme) VALUES ('872' ,'Littérature dramatique');
SQL> INSERT INTO THEME (noTheme,intituleTheme) VALUES ('873' ,'Poésie épique');
SQL> INSERT INTO THEME (noTheme,intituleTheme) VALUES ('874' ,'Poésie lyrique');
SQL> INSERT INTO THEME (noTheme,intituleTheme) VALUES ('875' ,'Discours');
SQL> INSERT INTO THEME (noTheme,intituleTheme) VALUES ('876' ,'Correspondances');
SQL> INSERT INTO THEME (noTheme,intituleTheme) VALUES ('877' ,'Littérature satirique');
SQL> INSERT INTO THEME (noTheme,intituleTheme) VALUES ('878' ,'Écrits divers');
SQL> INSERT INTO THEME (noTheme,intituleTheme) VALUES ('879' ,'Littératures d''autres langues italiques');
SQL> INSERT INTO THEME (noTheme,intituleTheme) VALUES ('880' ,'Littératures des langues helléniques. Littérature grecque classique');
SQL> INSERT INTO THEME (noTheme,intituleTheme) VALUES ('881' ,'Poésie');
SQL> INSERT INTO THEME (noTheme,intituleTheme) VALUES ('882' ,'Littérature dramatique');
SQL> INSERT INTO THEME (noTheme,intituleTheme) VALUES ('883' ,'Poésie épique');
SQL> INSERT INTO THEME (noTheme,intituleTheme) VALUES ('884' ,'Poésie lyrique');
SQL> INSERT INTO THEME (noTheme,intituleTheme) VALUES ('885' ,'Discours');
SQL> INSERT INTO THEME (noTheme,intituleTheme) VALUES ('886' ,'Correspondances');
SQL> INSERT INTO THEME (noTheme,intituleTheme) VALUES ('887' ,'Littérature satirique');
SQL> INSERT INTO THEME (noTheme,intituleTheme) VALUES ('888' ,'Divers écrits');
SQL> INSERT INTO THEME (noTheme,intituleTheme) VALUES ('889' ,'Littérature grecque moderne');
SQL> INSERT INTO THEME (noTheme,intituleTheme) VALUES ('890' ,'Littératures des autres langues');
SQL> INSERT INTO THEME (noTheme,intituleTheme) VALUES ('891' ,'Littératures indo-européennes du groupe oriental et littératures celtiques');
SQL> INSERT INTO THEME (noTheme,intituleTheme) VALUES ('892' ,'Littératures afro-asiatiques (chamito-sémitique)');
SQL> INSERT INTO THEME (noTheme,intituleTheme) VALUES ('893' ,'Littératures chamitique et tchadienne');
SQL> INSERT INTO THEME (noTheme,intituleTheme) VALUES ('894' ,'Littératures ouralo-altaïque, paléosibérienne, finno-ougriennes (hongroise, finnoise), dravidienne');
SQL> INSERT INTO THEME (noTheme,intituleTheme) VALUES ('895' ,'Littérature des pays d''Asie de l''Est et du Sud-Est');
SQL> INSERT INTO THEME (noTheme,intituleTheme) VALUES ('896' ,'Littératures africaines');
SQL> INSERT INTO THEME (noTheme,intituleTheme) VALUES ('897' ,'Littératures des langues indiennes et autochtones d''Amérique du Nord');
SQL> INSERT INTO THEME (noTheme,intituleTheme) VALUES ('898' ,'Littératures des langues indiennes et autochtones d''Amérique du Sud');
SQL> INSERT INTO THEME (noTheme,intituleTheme) VALUES ('899' ,'Littératures des langues non austronésiennes de l''Océanie, des langues austronésiennes, de diverses autres langues');
SQL> INSERT INTO THEME (noTheme,intituleTheme) VALUES ('899.3' ,'Littérature malgache');
SQL> INSERT INTO THEME (noTheme,intituleTheme) VALUES ('899.92' ,'Basque');
SQL> INSERT INTO THEME (noTheme,intituleTheme) VALUES ('899.992' ,'Espéranto');
SQL> INSERT INTO THEME (noTheme,intituleTheme) VALUES ('900' ,'Généralités sur la Géographie et l’Histoire');
SQL> INSERT INTO THEME (noTheme,intituleTheme) VALUES ('901' ,'Philosophie et théorie de l''histoire');
SQL> INSERT INTO THEME (noTheme,intituleTheme) VALUES ('902' ,'Ouvrages divers');
SQL> INSERT INTO THEME (noTheme,intituleTheme) VALUES ('903' ,'Dictionnaires, encyclopédies, concordances');
SQL> INSERT INTO THEME (noTheme,intituleTheme) VALUES ('904' ,'Recueils de récits d''événements');
SQL> INSERT INTO THEME (noTheme,intituleTheme) VALUES ('905' ,'Publications en série');
SQL> INSERT INTO THEME (noTheme,intituleTheme) VALUES ('906' ,'Organisations');
SQL> INSERT INTO THEME (noTheme,intituleTheme) VALUES ('907' ,'Enseignement et recherche');
SQL> INSERT INTO THEME (noTheme,intituleTheme) VALUES ('907.2' ,'Recherche, historiographie');
SQL> INSERT INTO THEME (noTheme,intituleTheme) VALUES ('908' ,'Histoire des différents groupes de personnes');
SQL> INSERT INTO THEME (noTheme,intituleTheme) VALUES ('909' ,'Histoire du monde. Civilisation');
SQL> INSERT INTO THEME (noTheme,intituleTheme) VALUES ('910' ,'Géographie et voyages');
SQL> INSERT INTO THEME (noTheme,intituleTheme) VALUES ('910.2' ,'Ouvrages divers');
SQL> INSERT INTO THEME (noTheme,intituleTheme) VALUES ('910.3' ,'Dictionnaires, encyclopédies, concordances');
SQL> INSERT INTO THEME (noTheme,intituleTheme) VALUES ('910.4' ,'Récits de voyage');
SQL> INSERT INTO THEME (noTheme,intituleTheme) VALUES ('910.7' ,'Étude et enseignement. Recherche');
SQL> INSERT INTO THEME (noTheme,intituleTheme) VALUES ('910.9' ,'Traitement historique, géographie, biographique');
SQL> INSERT INTO THEME (noTheme,intituleTheme) VALUES ('911' ,'Géographie historique');
SQL> INSERT INTO THEME (noTheme,intituleTheme) VALUES ('912' ,'Représentations graphiques de la surface terrestre et des mondes extraterrestres');
SQL> INSERT INTO THEME (noTheme,intituleTheme) VALUES ('913' ,'Le monde ancien : géographie et voyages');
SQL> INSERT INTO THEME (noTheme,intituleTheme) VALUES ('914' ,'Géographie de l''Europe');
SQL> INSERT INTO THEME (noTheme,intituleTheme) VALUES ('915' ,'Géographie de l''Asie');
SQL> INSERT INTO THEME (noTheme,intituleTheme) VALUES ('916' ,'Géographie de l''Afrique');
SQL> INSERT INTO THEME (noTheme,intituleTheme) VALUES ('917' ,'Géographie de l''Amérique du Nord');
SQL> INSERT INTO THEME (noTheme,intituleTheme) VALUES ('918' ,'Géographie de l''Amérique du Sud');
SQL> INSERT INTO THEME (noTheme,intituleTheme) VALUES ('919' ,'Géographie des autres parties du monde et des mondes extra-terrestres');
SQL> INSERT INTO THEME (noTheme,intituleTheme) VALUES ('920' ,'Biographie, généalogie, emblèmes, insignes');
SQL> INSERT INTO THEME (noTheme,intituleTheme) VALUES ('921' ,'Philosophes et psychologues');
SQL> INSERT INTO THEME (noTheme,intituleTheme) VALUES ('922' ,'Chefs et penseurs religieux. Religieux');
SQL> INSERT INTO THEME (noTheme,intituleTheme) VALUES ('923' ,'Politiciens, économistes, juristes, enseignants');
SQL> INSERT INTO THEME (noTheme,intituleTheme) VALUES ('924' ,'Linguistes');
SQL> INSERT INTO THEME (noTheme,intituleTheme) VALUES ('925' ,'Savants');
SQL> INSERT INTO THEME (noTheme,intituleTheme) VALUES ('927' ,'Artistes. Sportifs');
SQL> INSERT INTO THEME (noTheme,intituleTheme) VALUES ('928' ,'Écrivains');
SQL> INSERT INTO THEME (noTheme,intituleTheme) VALUES ('929' ,'Généalogie, onomastique, emblèmes');
SQL> INSERT INTO THEME (noTheme,intituleTheme) VALUES ('930' ,'Histoire générale du monde ancien, jusqu''à 499 apr. J.-C.');
SQL> INSERT INTO THEME (noTheme,intituleTheme) VALUES ('931' ,'Chine jusqu''à 420 apr. J.-C.');
SQL> INSERT INTO THEME (noTheme,intituleTheme) VALUES ('932' ,'Égypte jusqu''à 640 apr. J.-C.');
SQL> INSERT INTO THEME (noTheme,intituleTheme) VALUES ('933' ,'Palestine jusqu''à 70 apr. J.-C.');
SQL> INSERT INTO THEME (noTheme,intituleTheme) VALUES ('934' ,'Inde jusqu''à 647 apr. J.-C.');
SQL> INSERT INTO THEME (noTheme,intituleTheme) VALUES ('935' ,'Mésopotamie et Plateau Iranien jusqu''à 637 apr. J.-C.');
SQL> INSERT INTO THEME (noTheme,intituleTheme) VALUES ('936' ,'Pays d''Europe sirués au nord et à l''ouest de la péninsule Italique jusqu''à 499 apr. J.-C.');
SQL> INSERT INTO THEME (noTheme,intituleTheme) VALUES ('937' ,'Péninsule Italique et territoires annexes jusqu''à 476 apr. J.-C.');
SQL> INSERT INTO THEME (noTheme,intituleTheme) VALUES ('938' ,'Grèce jusqu''à 323 apr. J.-C.');
SQL> INSERT INTO THEME (noTheme,intituleTheme) VALUES ('939' ,'Autres parties du monde ancien');
SQL> INSERT INTO THEME (noTheme,intituleTheme) VALUES ('940' ,'Histoire générale de l’Europe');
SQL> INSERT INTO THEME (noTheme,intituleTheme) VALUES ('941' ,'Iles britanniques');
SQL> INSERT INTO THEME (noTheme,intituleTheme) VALUES ('942' ,'Angleterre et Pays de Galles');
SQL> INSERT INTO THEME (noTheme,intituleTheme) VALUES ('943' ,'Europe centrale. Allemagne');
SQL> INSERT INTO THEME (noTheme,intituleTheme) VALUES ('944' ,'France & Monaco');
SQL> INSERT INTO THEME (noTheme,intituleTheme) VALUES ('945' ,'Italie, Saint-Marin, Vatican, Malte');
SQL> INSERT INTO THEME (noTheme,intituleTheme) VALUES ('946' ,'Péninsule Ibérique. Espagne');
SQL> INSERT INTO THEME (noTheme,intituleTheme) VALUES ('946.9' ,'Portugal');
SQL> INSERT INTO THEME (noTheme,intituleTheme) VALUES ('947' ,'Russie et pays d''Europe de l''Est');
SQL> INSERT INTO THEME (noTheme,intituleTheme) VALUES ('948' ,'Europe du Nord. Scandinavie');
SQL> INSERT INTO THEME (noTheme,intituleTheme) VALUES ('949' ,'Autres pays d''Europe');
SQL> INSERT INTO THEME (noTheme,intituleTheme) VALUES ('950' ,'Histoire générale de l’Asie. Orient. Extrême-Orient');
SQL> INSERT INTO THEME (noTheme,intituleTheme) VALUES ('951' ,'Chine et territoires adjacents');
SQL> INSERT INTO THEME (noTheme,intituleTheme) VALUES ('952' ,'Japon et îles adjacentes');
SQL> INSERT INTO THEME (noTheme,intituleTheme) VALUES ('953' ,'Péninsule Arabique et territoires adjacents');
SQL> INSERT INTO THEME (noTheme,intituleTheme) VALUES ('954' ,'Asie du Sud. Inde');
SQL> INSERT INTO THEME (noTheme,intituleTheme) VALUES ('955' ,'Iran');
SQL> INSERT INTO THEME (noTheme,intituleTheme) VALUES ('956' ,'Moyen-Orient (Proche-Orient)');
SQL> INSERT INTO THEME (noTheme,intituleTheme) VALUES ('957' ,'Sibérie (Russie d''Asie)');
SQL> INSERT INTO THEME (noTheme,intituleTheme) VALUES ('958' ,'Asie centrale');
SQL> INSERT INTO THEME (noTheme,intituleTheme) VALUES ('959' ,'Asie du Sud-Est');
SQL> INSERT INTO THEME (noTheme,intituleTheme) VALUES ('960' ,'Histoire générale de l’Afrique');
SQL> INSERT INTO THEME (noTheme,intituleTheme) VALUES ('961' ,'Tunisie et Libye');
SQL> INSERT INTO THEME (noTheme,intituleTheme) VALUES ('962' ,'Égypte et Soudan');
SQL> INSERT INTO THEME (noTheme,intituleTheme) VALUES ('963' ,'Éthiopie et Érythrée');
SQL> INSERT INTO THEME (noTheme,intituleTheme) VALUES ('964' ,'Maroc. Côtes du Nord-Ouest africain et îles au large');
SQL> INSERT INTO THEME (noTheme,intituleTheme) VALUES ('965' ,'Algérie');
SQL> INSERT INTO THEME (noTheme,intituleTheme) VALUES ('966' ,'Afrique occidentale et îles au large');
SQL> INSERT INTO THEME (noTheme,intituleTheme) VALUES ('967' ,'Afrique centrale et îles au large');
SQL> INSERT INTO THEME (noTheme,intituleTheme) VALUES ('968' ,'Afrique du Sud');
SQL> INSERT INTO THEME (noTheme,intituleTheme) VALUES ('969' ,'Îles du sud de L''Océan Indien');
SQL> INSERT INTO THEME (noTheme,intituleTheme) VALUES ('970' ,'Histoire générale de l’Amérique du Nord');
SQL> INSERT INTO THEME (noTheme,intituleTheme) VALUES ('971' ,'Canada');
SQL> INSERT INTO THEME (noTheme,intituleTheme) VALUES ('972' ,'Amérique centrale. Mexique');
SQL> INSERT INTO THEME (noTheme,intituleTheme) VALUES ('973' ,'États-Unis');
SQL> INSERT INTO THEME (noTheme,intituleTheme) VALUES ('980' ,'Histoire générale de l’Amérique du Sud');
SQL> INSERT INTO THEME (noTheme,intituleTheme) VALUES ('981' ,'Brésil');
SQL> INSERT INTO THEME (noTheme,intituleTheme) VALUES ('982' ,'Argentine');
SQL> INSERT INTO THEME (noTheme,intituleTheme) VALUES ('983' ,'Chili');
SQL> INSERT INTO THEME (noTheme,intituleTheme) VALUES ('984' ,'Bolivie');
SQL> INSERT INTO THEME (noTheme,intituleTheme) VALUES ('985' ,'Pérou');
SQL> INSERT INTO THEME (noTheme,intituleTheme) VALUES ('986' ,'Nord-Ouest de l''Amérique du Sud');
SQL> INSERT INTO THEME (noTheme,intituleTheme) VALUES ('987' ,'Vénézuela');
SQL> INSERT INTO THEME (noTheme,intituleTheme) VALUES ('988' ,'Guyane');
SQL> INSERT INTO THEME (noTheme,intituleTheme) VALUES ('988.2' ,'Guyane française');
SQL> INSERT INTO THEME (noTheme,intituleTheme) VALUES ('989' ,'Paraguay & Uruguay');
SQL> INSERT INTO THEME (noTheme,intituleTheme) VALUES ('990' ,'Histoire générale des autres pays du monde. Océanie');
SQL> INSERT INTO THEME (noTheme,intituleTheme) VALUES ('993' ,'Nouvelle-Zélande');
SQL> INSERT INTO THEME (noTheme,intituleTheme) VALUES ('994' ,'Australie');
SQL> INSERT INTO THEME (noTheme,intituleTheme) VALUES ('995' ,'Nouvelle-Guinée. Mélanésie');
SQL> INSERT INTO THEME (noTheme,intituleTheme) VALUES ('996' ,'Autres régions du Pacifique, Polynésie');
SQL> INSERT INTO THEME (noTheme,intituleTheme) VALUES ('997' ,'Îles de l''Océan Atlantique');
SQL> INSERT INTO THEME (noTheme,intituleTheme) VALUES ('998' ,'Îles de l''Arctique et de l’Antarctique');
SQL> INSERT INTO THEME (noTheme,intituleTheme) VALUES ('999' ,'Mondes extra-terrestres');
SQL> spool off
